[0.092s] [34mcolcon[0m [1;30mDEBUG[0m [32mCommand line arguments: ['/usr/bin/colcon', 'build'][0m
[0.092s] [34mcolcon[0m [1;30mDEBUG[0m [32mParsed command line arguments: Namespace(log_base=None, log_level=None, verb_name='build', build_base='build', install_base='install', merge_install=False, symlink_install=False, test_result_base=None, continue_on_error=False, executor='parallel', parallel_workers=20, event_handlers=None, ignore_user_meta=False, metas=['./colcon.meta'], base_paths=['.'], packages_ignore=None, packages_ignore_regex=None, paths=None, packages_up_to=None, packages_up_to_regex=None, packages_above=None, packages_above_and_dependencies=None, packages_above_depth=None, packages_select_by_dep=None, packages_skip_by_dep=None, packages_skip_up_to=None, packages_select_build_failed=False, packages_skip_build_finished=False, packages_select_test_failures=False, packages_skip_test_passed=False, packages_select=None, packages_skip=None, packages_select_regex=None, packages_skip_regex=None, packages_start=None, packages_end=None, allow_overriding=[], cmake_args=None, cmake_target=None, cmake_target_skip_unavailable=False, cmake_clean_cache=False, cmake_clean_first=False, cmake_force_configure=False, ament_cmake_args=None, catkin_cmake_args=None, catkin_skip_building_tests=False, verb_parser=<colcon_defaults.argument_parser.defaults.DefaultArgumentsDecorator object at 0x7f5e1c01d420>, verb_extension=<colcon_core.verb.build.BuildVerb object at 0x7f5e1c102710>, main=<bound method BuildVerb.main of <colcon_core.verb.build.BuildVerb object at 0x7f5e1c102710>>)[0m
[0.125s] [34mcolcon.colcon_core.package_discovery[0m [1;30mLevel 1[0m discover_packages(colcon_meta) check parameters
[0.125s] [34mcolcon.colcon_core.package_discovery[0m [1;30mLevel 1[0m discover_packages(recursive) check parameters
[0.126s] [34mcolcon.colcon_core.package_discovery[0m [1;30mLevel 1[0m discover_packages(ignore) check parameters
[0.126s] [34mcolcon.colcon_core.package_discovery[0m [1;30mLevel 1[0m discover_packages(path) check parameters
[0.126s] [34mcolcon.colcon_core.package_discovery[0m [1;30mLevel 1[0m discover_packages(colcon_meta) discover
[0.126s] [34mcolcon.colcon_core.package_discovery[0m [1;30mLevel 1[0m discover_packages(recursive) discover
[0.126s] [34mcolcon.colcon_core.package_discovery[0m [1;30mINFO[0m Crawling recursively for packages in '/home/hesam/Desktop/Repos/yolo_ros'
[0.126s] [34mcolcon.colcon_core.package_identification[0m [1;30mLevel 1[0m _identify(.) by extensions ['ignore', 'ignore_ament_install']
[0.126s] [34mcolcon.colcon_core.package_identification[0m [1;30mLevel 1[0m _identify(.) by extension 'ignore'
[0.126s] [34mcolcon.colcon_core.package_identification[0m [1;30mLevel 1[0m _identify(.) by extension 'ignore_ament_install'
[0.126s] [34mcolcon.colcon_core.package_identification[0m [1;30mLevel 1[0m _identify(.) by extensions ['colcon_pkg']
[0.126s] [34mcolcon.colcon_core.package_identification[0m [1;30mLevel 1[0m _identify(.) by extension 'colcon_pkg'
[0.126s] [34mcolcon.colcon_core.package_identification[0m [1;30mLevel 1[0m _identify(.) by extensions ['colcon_meta']
[0.126s] [34mcolcon.colcon_core.package_identification[0m [1;30mLevel 1[0m _identify(.) by extension 'colcon_meta'
[0.126s] [34mcolcon.colcon_core.package_identification[0m [1;30mLevel 1[0m _identify(.) by extensions ['ros']
[0.126s] [34mcolcon.colcon_core.package_identification[0m [1;30mLevel 1[0m _identify(.) by extension 'ros'
[0.137s] [34mcolcon.colcon_core.package_identification[0m [1;30mLevel 1[0m _identify(.) by extensions ['cmake', 'python']
[0.137s] [34mcolcon.colcon_core.package_identification[0m [1;30mLevel 1[0m _identify(.) by extension 'cmake'
[0.138s] [34mcolcon.colcon_core.package_identification[0m [1;30mLevel 1[0m _identify(.) by extension 'python'
[0.138s] [34mcolcon.colcon_core.package_identification[0m [1;30mLevel 1[0m _identify(.) by extensions ['python_setup_py']
[0.138s] [34mcolcon.colcon_core.package_identification[0m [1;30mLevel 1[0m _identify(.) by extension 'python_setup_py'
[0.138s] [34mcolcon.colcon_core.package_identification[0m [1;30mLevel 1[0m _identify(build) by extensions ['ignore', 'ignore_ament_install']
[0.138s] [34mcolcon.colcon_core.package_identification[0m [1;30mLevel 1[0m _identify(build) by extension 'ignore'
[0.138s] [34mcolcon.colcon_core.package_identification[0m [1;30mLevel 1[0m _identify(build) ignored
[0.138s] [34mcolcon.colcon_core.package_identification[0m [1;30mLevel 1[0m _identify(install) by extensions ['ignore', 'ignore_ament_install']
[0.138s] [34mcolcon.colcon_core.package_identification[0m [1;30mLevel 1[0m _identify(install) by extension 'ignore'
[0.138s] [34mcolcon.colcon_core.package_identification[0m [1;30mLevel 1[0m _identify(install) ignored
[0.138s] [34mcolcon.colcon_core.package_identification[0m [1;30mLevel 1[0m _identify(log) by extensions ['ignore', 'ignore_ament_install']
[0.139s] [34mcolcon.colcon_core.package_identification[0m [1;30mLevel 1[0m _identify(log) by extension 'ignore'
[0.139s] [34mcolcon.colcon_core.package_identification[0m [1;30mLevel 1[0m _identify(log) ignored
[0.139s] [34mcolcon.colcon_core.package_identification[0m [1;30mLevel 1[0m _identify(logs) by extensions ['ignore', 'ignore_ament_install']
[0.139s] [34mcolcon.colcon_core.package_identification[0m [1;30mLevel 1[0m _identify(logs) by extension 'ignore'
[0.139s] [34mcolcon.colcon_core.package_identification[0m [1;30mLevel 1[0m _identify(logs) by extension 'ignore_ament_install'
[0.139s] [34mcolcon.colcon_core.package_identification[0m [1;30mLevel 1[0m _identify(logs) by extensions ['colcon_pkg']
[0.139s] [34mcolcon.colcon_core.package_identification[0m [1;30mLevel 1[0m _identify(logs) by extension 'colcon_pkg'
[0.139s] [34mcolcon.colcon_core.package_identification[0m [1;30mLevel 1[0m _identify(logs) by extensions ['colcon_meta']
[0.139s] [34mcolcon.colcon_core.package_identification[0m [1;30mLevel 1[0m _identify(logs) by extension 'colcon_meta'
[0.139s] [34mcolcon.colcon_core.package_identification[0m [1;30mLevel 1[0m _identify(logs) by extensions ['ros']
[0.139s] [34mcolcon.colcon_core.package_identification[0m [1;30mLevel 1[0m _identify(logs) by extension 'ros'
[0.139s] [34mcolcon.colcon_core.package_identification[0m [1;30mLevel 1[0m _identify(logs) by extensions ['cmake', 'python']
[0.139s] [34mcolcon.colcon_core.package_identification[0m [1;30mLevel 1[0m _identify(logs) by extension 'cmake'
[0.139s] [34mcolcon.colcon_core.package_identification[0m [1;30mLevel 1[0m _identify(logs) by extension 'python'
[0.139s] [34mcolcon.colcon_core.package_identification[0m [1;30mLevel 1[0m _identify(logs) by extensions ['python_setup_py']
[0.139s] [34mcolcon.colcon_core.package_identification[0m [1;30mLevel 1[0m _identify(logs) by extension 'python_setup_py'
[0.139s] [34mcolcon.colcon_core.package_identification[0m [1;30mLevel 1[0m _identify(src) by extensions ['ignore', 'ignore_ament_install']
[0.139s] [34mcolcon.colcon_core.package_identification[0m [1;30mLevel 1[0m _identify(src) by extension 'ignore'
[0.139s] [34mcolcon.colcon_core.package_identification[0m [1;30mLevel 1[0m _identify(src) by extension 'ignore_ament_install'
[0.139s] [34mcolcon.colcon_core.package_identification[0m [1;30mLevel 1[0m _identify(src) by extensions ['colcon_pkg']
[0.139s] [34mcolcon.colcon_core.package_identification[0m [1;30mLevel 1[0m _identify(src) by extension 'colcon_pkg'
[0.139s] [34mcolcon.colcon_core.package_identification[0m [1;30mLevel 1[0m _identify(src) by extensions ['colcon_meta']
[0.139s] [34mcolcon.colcon_core.package_identification[0m [1;30mLevel 1[0m _identify(src) by extension 'colcon_meta'
[0.139s] [34mcolcon.colcon_core.package_identification[0m [1;30mLevel 1[0m _identify(src) by extensions ['ros']
[0.139s] [34mcolcon.colcon_core.package_identification[0m [1;30mLevel 1[0m _identify(src) by extension 'ros'
[0.139s] [34mcolcon.colcon_core.package_identification[0m [1;30mLevel 1[0m _identify(src) by extensions ['cmake', 'python']
[0.139s] [34mcolcon.colcon_core.package_identification[0m [1;30mLevel 1[0m _identify(src) by extension 'cmake'
[0.139s] [34mcolcon.colcon_core.package_identification[0m [1;30mLevel 1[0m _identify(src) by extension 'python'
[0.140s] [34mcolcon.colcon_core.package_identification[0m [1;30mLevel 1[0m _identify(src) by extensions ['python_setup_py']
[0.140s] [34mcolcon.colcon_core.package_identification[0m [1;30mLevel 1[0m _identify(src) by extension 'python_setup_py'
[0.140s] [34mcolcon.colcon_core.package_identification[0m [1;30mLevel 1[0m _identify(src/bev) by extensions ['ignore', 'ignore_ament_install']
[0.140s] [34mcolcon.colcon_core.package_identification[0m [1;30mLevel 1[0m _identify(src/bev) by extension 'ignore'
[0.140s] [34mcolcon.colcon_core.package_identification[0m [1;30mLevel 1[0m _identify(src/bev) by extension 'ignore_ament_install'
[0.140s] [34mcolcon.colcon_core.package_identification[0m [1;30mLevel 1[0m _identify(src/bev) by extensions ['colcon_pkg']
[0.140s] [34mcolcon.colcon_core.package_identification[0m [1;30mLevel 1[0m _identify(src/bev) by extension 'colcon_pkg'
[0.140s] [34mcolcon.colcon_core.package_identification[0m [1;30mLevel 1[0m _identify(src/bev) by extensions ['colcon_meta']
[0.140s] [34mcolcon.colcon_core.package_identification[0m [1;30mLevel 1[0m _identify(src/bev) by extension 'colcon_meta'
[0.140s] [34mcolcon.colcon_core.package_identification[0m [1;30mLevel 1[0m _identify(src/bev) by extensions ['ros']
[0.140s] [34mcolcon.colcon_core.package_identification[0m [1;30mLevel 1[0m _identify(src/bev) by extension 'ros'
[0.143s] [34mcolcon.colcon_core.package_identification[0m [1;30mDEBUG[0m [32mPackage 'src/bev' with type 'ros.ament_cmake' and name 'bev'[0m
[0.143s] [34mcolcon.colcon_core.package_identification[0m [1;30mLevel 1[0m _identify(src/yolo_ros) by extensions ['ignore', 'ignore_ament_install']
[0.144s] [34mcolcon.colcon_core.package_identification[0m [1;30mLevel 1[0m _identify(src/yolo_ros) by extension 'ignore'
[0.144s] [34mcolcon.colcon_core.package_identification[0m [1;30mLevel 1[0m _identify(src/yolo_ros) by extension 'ignore_ament_install'
[0.144s] [34mcolcon.colcon_core.package_identification[0m [1;30mLevel 1[0m _identify(src/yolo_ros) by extensions ['colcon_pkg']
[0.144s] [34mcolcon.colcon_core.package_identification[0m [1;30mLevel 1[0m _identify(src/yolo_ros) by extension 'colcon_pkg'
[0.144s] [34mcolcon.colcon_core.package_identification[0m [1;30mLevel 1[0m _identify(src/yolo_ros) by extensions ['colcon_meta']
[0.144s] [34mcolcon.colcon_core.package_identification[0m [1;30mLevel 1[0m _identify(src/yolo_ros) by extension 'colcon_meta'
[0.144s] [34mcolcon.colcon_core.package_identification[0m [1;30mLevel 1[0m _identify(src/yolo_ros) by extensions ['ros']
[0.144s] [34mcolcon.colcon_core.package_identification[0m [1;30mLevel 1[0m _identify(src/yolo_ros) by extension 'ros'
[0.144s] [34mcolcon.colcon_core.package_identification[0m [1;30mLevel 1[0m _identify(src/yolo_ros) by extensions ['cmake', 'python']
[0.144s] [34mcolcon.colcon_core.package_identification[0m [1;30mLevel 1[0m _identify(src/yolo_ros) by extension 'cmake'
[0.144s] [34mcolcon.colcon_core.package_identification[0m [1;30mLevel 1[0m _identify(src/yolo_ros) by extension 'python'
[0.144s] [34mcolcon.colcon_core.package_identification[0m [1;30mLevel 1[0m _identify(src/yolo_ros) by extensions ['python_setup_py']
[0.144s] [34mcolcon.colcon_core.package_identification[0m [1;30mLevel 1[0m _identify(src/yolo_ros) by extension 'python_setup_py'
[0.144s] [34mcolcon.colcon_core.package_identification[0m [1;30mLevel 1[0m _identify(src/yolo_ros/docs) by extensions ['ignore', 'ignore_ament_install']
[0.144s] [34mcolcon.colcon_core.package_identification[0m [1;30mLevel 1[0m _identify(src/yolo_ros/docs) by extension 'ignore'
[0.144s] [34mcolcon.colcon_core.package_identification[0m [1;30mLevel 1[0m _identify(src/yolo_ros/docs) by extension 'ignore_ament_install'
[0.144s] [34mcolcon.colcon_core.package_identification[0m [1;30mLevel 1[0m _identify(src/yolo_ros/docs) by extensions ['colcon_pkg']
[0.144s] [34mcolcon.colcon_core.package_identification[0m [1;30mLevel 1[0m _identify(src/yolo_ros/docs) by extension 'colcon_pkg'
[0.144s] [34mcolcon.colcon_core.package_identification[0m [1;30mLevel 1[0m _identify(src/yolo_ros/docs) by extensions ['colcon_meta']
[0.144s] [34mcolcon.colcon_core.package_identification[0m [1;30mLevel 1[0m _identify(src/yolo_ros/docs) by extension 'colcon_meta'
[0.144s] [34mcolcon.colcon_core.package_identification[0m [1;30mLevel 1[0m _identify(src/yolo_ros/docs) by extensions ['ros']
[0.144s] [34mcolcon.colcon_core.package_identification[0m [1;30mLevel 1[0m _identify(src/yolo_ros/docs) by extension 'ros'
[0.144s] [34mcolcon.colcon_core.package_identification[0m [1;30mLevel 1[0m _identify(src/yolo_ros/docs) by extensions ['cmake', 'python']
[0.144s] [34mcolcon.colcon_core.package_identification[0m [1;30mLevel 1[0m _identify(src/yolo_ros/docs) by extension 'cmake'
[0.144s] [34mcolcon.colcon_core.package_identification[0m [1;30mLevel 1[0m _identify(src/yolo_ros/docs) by extension 'python'
[0.145s] [34mcolcon.colcon_core.package_identification[0m [1;30mLevel 1[0m _identify(src/yolo_ros/docs) by extensions ['python_setup_py']
[0.145s] [34mcolcon.colcon_core.package_identification[0m [1;30mLevel 1[0m _identify(src/yolo_ros/docs) by extension 'python_setup_py'
[0.145s] [34mcolcon.colcon_core.package_identification[0m [1;30mLevel 1[0m _identify(src/yolo_ros/yolo_bringup) by extensions ['ignore', 'ignore_ament_install']
[0.145s] [34mcolcon.colcon_core.package_identification[0m [1;30mLevel 1[0m _identify(src/yolo_ros/yolo_bringup) by extension 'ignore'
[0.145s] [34mcolcon.colcon_core.package_identification[0m [1;30mLevel 1[0m _identify(src/yolo_ros/yolo_bringup) by extension 'ignore_ament_install'
[0.145s] [34mcolcon.colcon_core.package_identification[0m [1;30mLevel 1[0m _identify(src/yolo_ros/yolo_bringup) by extensions ['colcon_pkg']
[0.145s] [34mcolcon.colcon_core.package_identification[0m [1;30mLevel 1[0m _identify(src/yolo_ros/yolo_bringup) by extension 'colcon_pkg'
[0.145s] [34mcolcon.colcon_core.package_identification[0m [1;30mLevel 1[0m _identify(src/yolo_ros/yolo_bringup) by extensions ['colcon_meta']
[0.145s] [34mcolcon.colcon_core.package_identification[0m [1;30mLevel 1[0m _identify(src/yolo_ros/yolo_bringup) by extension 'colcon_meta'
[0.145s] [34mcolcon.colcon_core.package_identification[0m [1;30mLevel 1[0m _identify(src/yolo_ros/yolo_bringup) by extensions ['ros']
[0.145s] [34mcolcon.colcon_core.package_identification[0m [1;30mLevel 1[0m _identify(src/yolo_ros/yolo_bringup) by extension 'ros'
[0.145s] [34mcolcon.colcon_core.package_identification[0m [1;30mDEBUG[0m [32mPackage 'src/yolo_ros/yolo_bringup' with type 'ros.ament_cmake' and name 'yolo_bringup'[0m
[0.145s] [34mcolcon.colcon_core.package_identification[0m [1;30mLevel 1[0m _identify(src/yolo_ros/yolo_msgs) by extensions ['ignore', 'ignore_ament_install']
[0.145s] [34mcolcon.colcon_core.package_identification[0m [1;30mLevel 1[0m _identify(src/yolo_ros/yolo_msgs) by extension 'ignore'
[0.145s] [34mcolcon.colcon_core.package_identification[0m [1;30mLevel 1[0m _identify(src/yolo_ros/yolo_msgs) by extension 'ignore_ament_install'
[0.145s] [34mcolcon.colcon_core.package_identification[0m [1;30mLevel 1[0m _identify(src/yolo_ros/yolo_msgs) by extensions ['colcon_pkg']
[0.145s] [34mcolcon.colcon_core.package_identification[0m [1;30mLevel 1[0m _identify(src/yolo_ros/yolo_msgs) by extension 'colcon_pkg'
[0.146s] [34mcolcon.colcon_core.package_identification[0m [1;30mLevel 1[0m _identify(src/yolo_ros/yolo_msgs) by extensions ['colcon_meta']
[0.146s] [34mcolcon.colcon_core.package_identification[0m [1;30mLevel 1[0m _identify(src/yolo_ros/yolo_msgs) by extension 'colcon_meta'
[0.146s] [34mcolcon.colcon_core.package_identification[0m [1;30mLevel 1[0m _identify(src/yolo_ros/yolo_msgs) by extensions ['ros']
[0.146s] [34mcolcon.colcon_core.package_identification[0m [1;30mLevel 1[0m _identify(src/yolo_ros/yolo_msgs) by extension 'ros'
[0.146s] [34mcolcon.colcon_core.package_identification[0m [1;30mDEBUG[0m [32mPackage 'src/yolo_ros/yolo_msgs' with type 'ros.ament_cmake' and name 'yolo_msgs'[0m
[0.146s] [34mcolcon.colcon_core.package_identification[0m [1;30mLevel 1[0m _identify(src/yolo_ros/yolo_ros) by extensions ['ignore', 'ignore_ament_install']
[0.146s] [34mcolcon.colcon_core.package_identification[0m [1;30mLevel 1[0m _identify(src/yolo_ros/yolo_ros) by extension 'ignore'
[0.146s] [34mcolcon.colcon_core.package_identification[0m [1;30mLevel 1[0m _identify(src/yolo_ros/yolo_ros) by extension 'ignore_ament_install'
[0.146s] [34mcolcon.colcon_core.package_identification[0m [1;30mLevel 1[0m _identify(src/yolo_ros/yolo_ros) by extensions ['colcon_pkg']
[0.146s] [34mcolcon.colcon_core.package_identification[0m [1;30mLevel 1[0m _identify(src/yolo_ros/yolo_ros) by extension 'colcon_pkg'
[0.146s] [34mcolcon.colcon_core.package_identification[0m [1;30mLevel 1[0m _identify(src/yolo_ros/yolo_ros) by extensions ['colcon_meta']
[0.146s] [34mcolcon.colcon_core.package_identification[0m [1;30mLevel 1[0m _identify(src/yolo_ros/yolo_ros) by extension 'colcon_meta'
[0.146s] [34mcolcon.colcon_core.package_identification[0m [1;30mLevel 1[0m _identify(src/yolo_ros/yolo_ros) by extensions ['ros']
[0.146s] [34mcolcon.colcon_core.package_identification[0m [1;30mLevel 1[0m _identify(src/yolo_ros/yolo_ros) by extension 'ros'
[0.147s] [34mcolcon.colcon_core.package_identification[0m [1;30mDEBUG[0m [32mPackage 'src/yolo_ros/yolo_ros' with type 'ros.ament_python' and name 'yolo_ros'[0m
[0.147s] [34mcolcon.colcon_core.package_discovery[0m [1;30mLevel 1[0m discover_packages(recursive) using defaults
[0.147s] [34mcolcon.colcon_core.package_discovery[0m [1;30mLevel 1[0m discover_packages(ignore) discover
[0.147s] [34mcolcon.colcon_core.package_discovery[0m [1;30mLevel 1[0m discover_packages(ignore) using defaults
[0.147s] [34mcolcon.colcon_core.package_discovery[0m [1;30mLevel 1[0m discover_packages(path) discover
[0.147s] [34mcolcon.colcon_core.package_discovery[0m [1;30mLevel 1[0m discover_packages(path) using defaults
[0.161s] [34mcolcon.colcon_core.package_discovery[0m [1;30mLevel 1[0m discover_packages(prefix_path) check parameters
[0.161s] [34mcolcon.colcon_core.package_discovery[0m [1;30mLevel 1[0m discover_packages(prefix_path) discover
[0.162s] [34mcolcon.colcon_installed_package_information.package_discovery[0m [1;30mDEBUG[0m [32mFound 4 installed packages in /home/hesam/Desktop/Repos/yolo_ros/install[0m
[0.162s] [34mcolcon.colcon_installed_package_information.package_discovery[0m [1;30mDEBUG[0m [32mFound 3 installed packages in /home/hesam/ros2_ws/install[0m
[0.163s] [34mcolcon.colcon_installed_package_information.package_discovery[0m [1;30mDEBUG[0m [32mFound 481 installed packages in /opt/ros/humble[0m
[0.165s] [34mcolcon.colcon_core.package_discovery[0m [1;30mLevel 1[0m discover_packages(prefix_path) using defaults
[0.201s] [34mcolcon.colcon_core.verb[0m [1;30mLevel 5[0m set package 'bev' build argument 'cmake_args' from command line to 'None'
[0.201s] [34mcolcon.colcon_core.verb[0m [1;30mLevel 5[0m set package 'bev' build argument 'cmake_target' from command line to 'None'
[0.201s] [34mcolcon.colcon_core.verb[0m [1;30mLevel 5[0m set package 'bev' build argument 'cmake_target_skip_unavailable' from command line to 'False'
[0.201s] [34mcolcon.colcon_core.verb[0m [1;30mLevel 5[0m set package 'bev' build argument 'cmake_clean_cache' from command line to 'False'
[0.201s] [34mcolcon.colcon_core.verb[0m [1;30mLevel 5[0m set package 'bev' build argument 'cmake_clean_first' from command line to 'False'
[0.201s] [34mcolcon.colcon_core.verb[0m [1;30mLevel 5[0m set package 'bev' build argument 'cmake_force_configure' from command line to 'False'
[0.201s] [34mcolcon.colcon_core.verb[0m [1;30mLevel 5[0m set package 'bev' build argument 'ament_cmake_args' from command line to 'None'
[0.201s] [34mcolcon.colcon_core.verb[0m [1;30mLevel 5[0m set package 'bev' build argument 'catkin_cmake_args' from command line to 'None'
[0.201s] [34mcolcon.colcon_core.verb[0m [1;30mLevel 5[0m set package 'bev' build argument 'catkin_skip_building_tests' from command line to 'False'
[0.201s] [34mcolcon.colcon_core.verb[0m [1;30mDEBUG[0m [32mBuilding package 'bev' with the following arguments: {'ament_cmake_args': None, 'build_base': '/home/hesam/Desktop/Repos/yolo_ros/build/bev', 'catkin_cmake_args': None, 'catkin_skip_building_tests': False, 'cmake_args': None, 'cmake_clean_cache': False, 'cmake_clean_first': False, 'cmake_force_configure': False, 'cmake_target': None, 'cmake_target_skip_unavailable': False, 'install_base': '/home/hesam/Desktop/Repos/yolo_ros/install/bev', 'merge_install': False, 'path': '/home/hesam/Desktop/Repos/yolo_ros/src/bev', 'symlink_install': False, 'test_result_base': None}[0m
[0.201s] [34mcolcon.colcon_core.verb[0m [1;30mLevel 5[0m set package 'yolo_msgs' build argument 'cmake_args' from command line to 'None'
[0.201s] [34mcolcon.colcon_core.verb[0m [1;30mLevel 5[0m set package 'yolo_msgs' build argument 'cmake_target' from command line to 'None'
[0.201s] [34mcolcon.colcon_core.verb[0m [1;30mLevel 5[0m set package 'yolo_msgs' build argument 'cmake_target_skip_unavailable' from command line to 'False'
[0.201s] [34mcolcon.colcon_core.verb[0m [1;30mLevel 5[0m set package 'yolo_msgs' build argument 'cmake_clean_cache' from command line to 'False'
[0.201s] [34mcolcon.colcon_core.verb[0m [1;30mLevel 5[0m set package 'yolo_msgs' build argument 'cmake_clean_first' from command line to 'False'
[0.201s] [34mcolcon.colcon_core.verb[0m [1;30mLevel 5[0m set package 'yolo_msgs' build argument 'cmake_force_configure' from command line to 'False'
[0.201s] [34mcolcon.colcon_core.verb[0m [1;30mLevel 5[0m set package 'yolo_msgs' build argument 'ament_cmake_args' from command line to 'None'
[0.201s] [34mcolcon.colcon_core.verb[0m [1;30mLevel 5[0m set package 'yolo_msgs' build argument 'catkin_cmake_args' from command line to 'None'
[0.201s] [34mcolcon.colcon_core.verb[0m [1;30mLevel 5[0m set package 'yolo_msgs' build argument 'catkin_skip_building_tests' from command line to 'False'
[0.201s] [34mcolcon.colcon_core.verb[0m [1;30mDEBUG[0m [32mBuilding package 'yolo_msgs' with the following arguments: {'ament_cmake_args': None, 'build_base': '/home/hesam/Desktop/Repos/yolo_ros/build/yolo_msgs', 'catkin_cmake_args': None, 'catkin_skip_building_tests': False, 'cmake_args': None, 'cmake_clean_cache': False, 'cmake_clean_first': False, 'cmake_force_configure': False, 'cmake_target': None, 'cmake_target_skip_unavailable': False, 'install_base': '/home/hesam/Desktop/Repos/yolo_ros/install/yolo_msgs', 'merge_install': False, 'path': '/home/hesam/Desktop/Repos/yolo_ros/src/yolo_ros/yolo_msgs', 'symlink_install': False, 'test_result_base': None}[0m
[0.202s] [34mcolcon.colcon_core.verb[0m [1;30mLevel 5[0m set package 'yolo_ros' build argument 'cmake_args' from command line to 'None'
[0.202s] [34mcolcon.colcon_core.verb[0m [1;30mLevel 5[0m set package 'yolo_ros' build argument 'cmake_target' from command line to 'None'
[0.202s] [34mcolcon.colcon_core.verb[0m [1;30mLevel 5[0m set package 'yolo_ros' build argument 'cmake_target_skip_unavailable' from command line to 'False'
[0.202s] [34mcolcon.colcon_core.verb[0m [1;30mLevel 5[0m set package 'yolo_ros' build argument 'cmake_clean_cache' from command line to 'False'
[0.202s] [34mcolcon.colcon_core.verb[0m [1;30mLevel 5[0m set package 'yolo_ros' build argument 'cmake_clean_first' from command line to 'False'
[0.202s] [34mcolcon.colcon_core.verb[0m [1;30mLevel 5[0m set package 'yolo_ros' build argument 'cmake_force_configure' from command line to 'False'
[0.202s] [34mcolcon.colcon_core.verb[0m [1;30mLevel 5[0m set package 'yolo_ros' build argument 'ament_cmake_args' from command line to 'None'
[0.202s] [34mcolcon.colcon_core.verb[0m [1;30mLevel 5[0m set package 'yolo_ros' build argument 'catkin_cmake_args' from command line to 'None'
[0.202s] [34mcolcon.colcon_core.verb[0m [1;30mLevel 5[0m set package 'yolo_ros' build argument 'catkin_skip_building_tests' from command line to 'False'
[0.202s] [34mcolcon.colcon_core.verb[0m [1;30mDEBUG[0m [32mBuilding package 'yolo_ros' with the following arguments: {'ament_cmake_args': None, 'build_base': '/home/hesam/Desktop/Repos/yolo_ros/build/yolo_ros', 'catkin_cmake_args': None, 'catkin_skip_building_tests': False, 'cmake_args': None, 'cmake_clean_cache': False, 'cmake_clean_first': False, 'cmake_force_configure': False, 'cmake_target': None, 'cmake_target_skip_unavailable': False, 'install_base': '/home/hesam/Desktop/Repos/yolo_ros/install/yolo_ros', 'merge_install': False, 'path': '/home/hesam/Desktop/Repos/yolo_ros/src/yolo_ros/yolo_ros', 'symlink_install': False, 'test_result_base': None}[0m
[0.202s] [34mcolcon.colcon_core.verb[0m [1;30mLevel 5[0m set package 'yolo_bringup' build argument 'cmake_args' from command line to 'None'
[0.202s] [34mcolcon.colcon_core.verb[0m [1;30mLevel 5[0m set package 'yolo_bringup' build argument 'cmake_target' from command line to 'None'
[0.202s] [34mcolcon.colcon_core.verb[0m [1;30mLevel 5[0m set package 'yolo_bringup' build argument 'cmake_target_skip_unavailable' from command line to 'False'
[0.202s] [34mcolcon.colcon_core.verb[0m [1;30mLevel 5[0m set package 'yolo_bringup' build argument 'cmake_clean_cache' from command line to 'False'
[0.202s] [34mcolcon.colcon_core.verb[0m [1;30mLevel 5[0m set package 'yolo_bringup' build argument 'cmake_clean_first' from command line to 'False'
[0.202s] [34mcolcon.colcon_core.verb[0m [1;30mLevel 5[0m set package 'yolo_bringup' build argument 'cmake_force_configure' from command line to 'False'
[0.202s] [34mcolcon.colcon_core.verb[0m [1;30mLevel 5[0m set package 'yolo_bringup' build argument 'ament_cmake_args' from command line to 'None'
[0.202s] [34mcolcon.colcon_core.verb[0m [1;30mLevel 5[0m set package 'yolo_bringup' build argument 'catkin_cmake_args' from command line to 'None'
[0.202s] [34mcolcon.colcon_core.verb[0m [1;30mLevel 5[0m set package 'yolo_bringup' build argument 'catkin_skip_building_tests' from command line to 'False'
[0.202s] [34mcolcon.colcon_core.verb[0m [1;30mDEBUG[0m [32mBuilding package 'yolo_bringup' with the following arguments: {'ament_cmake_args': None, 'build_base': '/home/hesam/Desktop/Repos/yolo_ros/build/yolo_bringup', 'catkin_cmake_args': None, 'catkin_skip_building_tests': False, 'cmake_args': None, 'cmake_clean_cache': False, 'cmake_clean_first': False, 'cmake_force_configure': False, 'cmake_target': None, 'cmake_target_skip_unavailable': False, 'install_base': '/home/hesam/Desktop/Repos/yolo_ros/install/yolo_bringup', 'merge_install': False, 'path': '/home/hesam/Desktop/Repos/yolo_ros/src/yolo_ros/yolo_bringup', 'symlink_install': False, 'test_result_base': None}[0m
[0.202s] [34mcolcon.colcon_core.executor[0m [1;30mINFO[0m Executing jobs using 'parallel' executor
[0.203s] [34mcolcon.colcon_parallel_executor.executor.parallel[0m [1;30mDEBUG[0m [32mrun_until_complete[0m
[0.204s] [34mcolcon.colcon_ros.task.ament_cmake.build[0m [1;30mINFO[0m Building ROS package in '/home/hesam/Desktop/Repos/yolo_ros/src/yolo_ros/yolo_msgs' with build type 'ament_cmake'
[0.204s] [34mcolcon.colcon_cmake.task.cmake.build[0m [1;30mINFO[0m Building CMake package in '/home/hesam/Desktop/Repos/yolo_ros/src/yolo_ros/yolo_msgs'
[0.205s] [34mcolcon.colcon_core.plugin_system[0m [1;30mINFO[0m Skipping extension 'colcon_core.shell.bat': Not used on non-Windows systems
[0.206s] [34mcolcon.colcon_core.shell[0m [1;30mINFO[0m Skip shell extension 'powershell' for command environment: Not usable outside of PowerShell
[0.206s] [34mcolcon.colcon_core.shell[0m [1;30mDEBUG[0m [32mSkip shell extension 'dsv' for command environment[0m
[0.218s] [34mcolcon.colcon_ros.task.ament_cmake.build[0m [1;30mINFO[0m Building ROS package in '/home/hesam/Desktop/Repos/yolo_ros/src/bev' with build type 'ament_cmake'
[0.218s] [34mcolcon.colcon_cmake.task.cmake.build[0m [1;30mINFO[0m Building CMake package in '/home/hesam/Desktop/Repos/yolo_ros/src/bev'
[0.218s] [34mcolcon.colcon_core.shell[0m [1;30mINFO[0m Skip shell extension 'powershell' for command environment: Not usable outside of PowerShell
[0.218s] [34mcolcon.colcon_core.shell[0m [1;30mDEBUG[0m [32mSkip shell extension 'dsv' for command environment[0m
[0.229s] [34mcolcon.colcon_core.event_handler.log_command[0m [1;30mDEBUG[0m [32mInvoking command in '/home/hesam/Desktop/Repos/yolo_ros/build/yolo_msgs': CMAKE_PREFIX_PATH=${CMAKE_PREFIX_PATH}:/home/hesam/Desktop/Repos/yolo_ros/install/yolo_ros:/home/hesam/ros2_ws/install/robot_localization_gazebo:/home/hesam/ros2_ws/install/kitti2rosbag2:/opt/ros/humble /usr/bin/cmake --build /home/hesam/Desktop/Repos/yolo_ros/build/yolo_msgs -- -j20 -l20[0m
[0.232s] [34mcolcon.colcon_core.event_handler.log_command[0m [1;30mDEBUG[0m [32mInvoking command in '/home/hesam/Desktop/Repos/yolo_ros/build/bev': CMAKE_PREFIX_PATH=${CMAKE_PREFIX_PATH}:/home/hesam/Desktop/Repos/yolo_ros/install/yolo_ros:/home/hesam/ros2_ws/install/robot_localization_gazebo:/home/hesam/ros2_ws/install/kitti2rosbag2:/opt/ros/humble /usr/bin/cmake --build /home/hesam/Desktop/Repos/yolo_ros/build/bev -- -j20 -l20[0m
[0.680s] [34mcolcon.colcon_core.event_handler.log_command[0m [1;30mDEBUG[0m [32mInvoked command in '/home/hesam/Desktop/Repos/yolo_ros/build/yolo_msgs' returned '0': CMAKE_PREFIX_PATH=${CMAKE_PREFIX_PATH}:/home/hesam/Desktop/Repos/yolo_ros/install/yolo_ros:/home/hesam/ros2_ws/install/robot_localization_gazebo:/home/hesam/ros2_ws/install/kitti2rosbag2:/opt/ros/humble /usr/bin/cmake --build /home/hesam/Desktop/Repos/yolo_ros/build/yolo_msgs -- -j20 -l20[0m
[1.097s] [34mcolcon.colcon_core.event_handler.log_command[0m [1;30mDEBUG[0m [32mInvoking command in '/home/hesam/Desktop/Repos/yolo_ros/build/yolo_msgs': CMAKE_PREFIX_PATH=${CMAKE_PREFIX_PATH}:/home/hesam/Desktop/Repos/yolo_ros/install/yolo_ros:/home/hesam/ros2_ws/install/robot_localization_gazebo:/home/hesam/ros2_ws/install/kitti2rosbag2:/opt/ros/humble /usr/bin/cmake --install /home/hesam/Desktop/Repos/yolo_ros/build/yolo_msgs[0m
[1.196s] [34mcolcon.colcon_core.environment[0m [1;30mLevel 1[0m create_environment_scripts_only(yolo_msgs)
[1.197s] [34mcolcon.colcon_core.event_handler.log_command[0m [1;30mDEBUG[0m [32mInvoked command in '/home/hesam/Desktop/Repos/yolo_ros/build/yolo_msgs' returned '0': CMAKE_PREFIX_PATH=${CMAKE_PREFIX_PATH}:/home/hesam/Desktop/Repos/yolo_ros/install/yolo_ros:/home/hesam/ros2_ws/install/robot_localization_gazebo:/home/hesam/ros2_ws/install/kitti2rosbag2:/opt/ros/humble /usr/bin/cmake --install /home/hesam/Desktop/Repos/yolo_ros/build/yolo_msgs[0m
[1.199s] [34mcolcon.colcon_core.environment[0m [1;30mLevel 1[0m checking '/home/hesam/Desktop/Repos/yolo_ros/install/yolo_msgs' for CMake module files
[1.200s] [34mcolcon.colcon_core.environment[0m [1;30mLevel 1[0m checking '/home/hesam/Desktop/Repos/yolo_ros/install/yolo_msgs' for CMake config files
[1.201s] [34mcolcon.colcon_core.shell[0m [1;30mLevel 1[0m create_environment_hook('yolo_msgs', 'cmake_prefix_path')
[1.201s] [34mcolcon.colcon_core.shell[0m [1;30mINFO[0m Creating environment hook '/home/hesam/Desktop/Repos/yolo_ros/install/yolo_msgs/share/yolo_msgs/hook/cmake_prefix_path.ps1'
[1.201s] [34mcolcon.colcon_core.shell[0m [1;30mINFO[0m Creating environment descriptor '/home/hesam/Desktop/Repos/yolo_ros/install/yolo_msgs/share/yolo_msgs/hook/cmake_prefix_path.dsv'
[1.202s] [34mcolcon.colcon_core.shell[0m [1;30mINFO[0m Creating environment hook '/home/hesam/Desktop/Repos/yolo_ros/install/yolo_msgs/share/yolo_msgs/hook/cmake_prefix_path.sh'
[1.203s] [34mcolcon.colcon_core.environment[0m [1;30mLevel 1[0m checking '/home/hesam/Desktop/Repos/yolo_ros/install/yolo_msgs/lib'
[1.203s] [34mcolcon.colcon_core.shell[0m [1;30mLevel 1[0m create_environment_hook('yolo_msgs', 'ld_library_path_lib')
[1.203s] [34mcolcon.colcon_core.shell[0m [1;30mINFO[0m Creating environment hook '/home/hesam/Desktop/Repos/yolo_ros/install/yolo_msgs/share/yolo_msgs/hook/ld_library_path_lib.ps1'
[1.203s] [34mcolcon.colcon_core.shell[0m [1;30mINFO[0m Creating environment descriptor '/home/hesam/Desktop/Repos/yolo_ros/install/yolo_msgs/share/yolo_msgs/hook/ld_library_path_lib.dsv'
[1.204s] [34mcolcon.colcon_core.shell[0m [1;30mINFO[0m Creating environment hook '/home/hesam/Desktop/Repos/yolo_ros/install/yolo_msgs/share/yolo_msgs/hook/ld_library_path_lib.sh'
[1.204s] [34mcolcon.colcon_core.environment[0m [1;30mLevel 1[0m checking '/home/hesam/Desktop/Repos/yolo_ros/install/yolo_msgs/bin'
[1.204s] [34mcolcon.colcon_core.environment[0m [1;30mLevel 1[0m checking '/home/hesam/Desktop/Repos/yolo_ros/install/yolo_msgs/lib/pkgconfig/yolo_msgs.pc'
[1.205s] [34mcolcon.colcon_core.environment[0m [1;30mLevel 1[0m checking '/home/hesam/Desktop/Repos/yolo_ros/install/yolo_msgs/lib/python3.10/site-packages'
[1.205s] [34mcolcon.colcon_core.environment[0m [1;30mLevel 1[0m checking '/home/hesam/Desktop/Repos/yolo_ros/install/yolo_msgs/bin'
[1.205s] [34mcolcon.colcon_core.shell[0m [1;30mINFO[0m Creating package script '/home/hesam/Desktop/Repos/yolo_ros/install/yolo_msgs/share/yolo_msgs/package.ps1'
[1.207s] [34mcolcon.colcon_core.shell[0m [1;30mINFO[0m Creating package descriptor '/home/hesam/Desktop/Repos/yolo_ros/install/yolo_msgs/share/yolo_msgs/package.dsv'
[1.208s] [34mcolcon.colcon_core.shell[0m [1;30mINFO[0m Creating package script '/home/hesam/Desktop/Repos/yolo_ros/install/yolo_msgs/share/yolo_msgs/package.sh'
[1.208s] [34mcolcon.colcon_core.shell[0m [1;30mINFO[0m Creating package script '/home/hesam/Desktop/Repos/yolo_ros/install/yolo_msgs/share/yolo_msgs/package.bash'
[1.209s] [34mcolcon.colcon_core.shell[0m [1;30mINFO[0m Creating package script '/home/hesam/Desktop/Repos/yolo_ros/install/yolo_msgs/share/yolo_msgs/package.zsh'
[1.210s] [34mcolcon.colcon_core.environment[0m [1;30mLevel 1[0m create_file_with_runtime_dependencies(/home/hesam/Desktop/Repos/yolo_ros/install/yolo_msgs/share/colcon-core/packages/yolo_msgs)
[1.637s] [34mcolcon.colcon_core.environment[0m [1;30mLevel 1[0m create_environment_scripts_only(yolo_msgs)
[1.637s] [34mcolcon.colcon_core.environment[0m [1;30mLevel 1[0m checking '/home/hesam/Desktop/Repos/yolo_ros/install/yolo_msgs' for CMake module files
[1.639s] [34mcolcon.colcon_core.environment[0m [1;30mLevel 1[0m checking '/home/hesam/Desktop/Repos/yolo_ros/install/yolo_msgs' for CMake config files
[1.641s] [34mcolcon.colcon_core.shell[0m [1;30mLevel 1[0m create_environment_hook('yolo_msgs', 'cmake_prefix_path')
[1.642s] [34mcolcon.colcon_core.shell[0m [1;30mINFO[0m Creating environment hook '/home/hesam/Desktop/Repos/yolo_ros/install/yolo_msgs/share/yolo_msgs/hook/cmake_prefix_path.ps1'
[1.643s] [34mcolcon.colcon_core.shell[0m [1;30mINFO[0m Creating environment descriptor '/home/hesam/Desktop/Repos/yolo_ros/install/yolo_msgs/share/yolo_msgs/hook/cmake_prefix_path.dsv'
[1.644s] [34mcolcon.colcon_core.shell[0m [1;30mINFO[0m Creating environment hook '/home/hesam/Desktop/Repos/yolo_ros/install/yolo_msgs/share/yolo_msgs/hook/cmake_prefix_path.sh'
[1.645s] [34mcolcon.colcon_core.environment[0m [1;30mLevel 1[0m checking '/home/hesam/Desktop/Repos/yolo_ros/install/yolo_msgs/lib'
[1.646s] [34mcolcon.colcon_core.shell[0m [1;30mLevel 1[0m create_environment_hook('yolo_msgs', 'ld_library_path_lib')
[1.646s] [34mcolcon.colcon_core.shell[0m [1;30mINFO[0m Creating environment hook '/home/hesam/Desktop/Repos/yolo_ros/install/yolo_msgs/share/yolo_msgs/hook/ld_library_path_lib.ps1'
[1.647s] [34mcolcon.colcon_core.shell[0m [1;30mINFO[0m Creating environment descriptor '/home/hesam/Desktop/Repos/yolo_ros/install/yolo_msgs/share/yolo_msgs/hook/ld_library_path_lib.dsv'
[1.647s] [34mcolcon.colcon_core.shell[0m [1;30mINFO[0m Creating environment hook '/home/hesam/Desktop/Repos/yolo_ros/install/yolo_msgs/share/yolo_msgs/hook/ld_library_path_lib.sh'
[1.647s] [34mcolcon.colcon_core.environment[0m [1;30mLevel 1[0m checking '/home/hesam/Desktop/Repos/yolo_ros/install/yolo_msgs/bin'
[1.647s] [34mcolcon.colcon_core.environment[0m [1;30mLevel 1[0m checking '/home/hesam/Desktop/Repos/yolo_ros/install/yolo_msgs/lib/pkgconfig/yolo_msgs.pc'
[1.648s] [34mcolcon.colcon_core.environment[0m [1;30mLevel 1[0m checking '/home/hesam/Desktop/Repos/yolo_ros/install/yolo_msgs/lib/python3.10/site-packages'
[1.648s] [34mcolcon.colcon_core.environment[0m [1;30mLevel 1[0m checking '/home/hesam/Desktop/Repos/yolo_ros/install/yolo_msgs/bin'
[1.648s] [34mcolcon.colcon_core.shell[0m [1;30mINFO[0m Creating package script '/home/hesam/Desktop/Repos/yolo_ros/install/yolo_msgs/share/yolo_msgs/package.ps1'
[1.649s] [34mcolcon.colcon_core.shell[0m [1;30mINFO[0m Creating package descriptor '/home/hesam/Desktop/Repos/yolo_ros/install/yolo_msgs/share/yolo_msgs/package.dsv'
[1.649s] [34mcolcon.colcon_core.shell[0m [1;30mINFO[0m Creating package script '/home/hesam/Desktop/Repos/yolo_ros/install/yolo_msgs/share/yolo_msgs/package.sh'
[1.649s] [34mcolcon.colcon_core.shell[0m [1;30mINFO[0m Creating package script '/home/hesam/Desktop/Repos/yolo_ros/install/yolo_msgs/share/yolo_msgs/package.bash'
[1.650s] [34mcolcon.colcon_core.shell[0m [1;30mINFO[0m Creating package script '/home/hesam/Desktop/Repos/yolo_ros/install/yolo_msgs/share/yolo_msgs/package.zsh'
[1.650s] [34mcolcon.colcon_core.environment[0m [1;30mLevel 1[0m create_file_with_runtime_dependencies(/home/hesam/Desktop/Repos/yolo_ros/install/yolo_msgs/share/colcon-core/packages/yolo_msgs)
[1.650s] [34mcolcon.colcon_ros.task.ament_python.build[0m [1;30mINFO[0m Building ROS package in '/home/hesam/Desktop/Repos/yolo_ros/src/yolo_ros/yolo_ros' with build type 'ament_python'
[1.650s] [34mcolcon.colcon_core.shell[0m [1;30mLevel 1[0m create_environment_hook('yolo_ros', 'ament_prefix_path')
[1.651s] [34mcolcon.colcon_core.shell[0m [1;30mINFO[0m Creating environment hook '/home/hesam/Desktop/Repos/yolo_ros/install/yolo_ros/share/yolo_ros/hook/ament_prefix_path.ps1'
[1.652s] [34mcolcon.colcon_core.shell[0m [1;30mINFO[0m Creating environment descriptor '/home/hesam/Desktop/Repos/yolo_ros/install/yolo_ros/share/yolo_ros/hook/ament_prefix_path.dsv'
[1.652s] [34mcolcon.colcon_core.shell[0m [1;30mINFO[0m Creating environment hook '/home/hesam/Desktop/Repos/yolo_ros/install/yolo_ros/share/yolo_ros/hook/ament_prefix_path.sh'
[1.653s] [34mcolcon.colcon_core.shell[0m [1;30mINFO[0m Skip shell extension 'powershell' for command environment: Not usable outside of PowerShell
[1.653s] [34mcolcon.colcon_core.shell[0m [1;30mDEBUG[0m [32mSkip shell extension 'dsv' for command environment[0m
[1.946s] [34mcolcon.colcon_core.task.python.build[0m [1;30mINFO[0m Building Python package in '/home/hesam/Desktop/Repos/yolo_ros/src/yolo_ros/yolo_ros'
[1.947s] [34mcolcon.colcon_core.shell[0m [1;30mINFO[0m Skip shell extension 'powershell' for command environment: Not usable outside of PowerShell
[1.947s] [34mcolcon.colcon_core.shell[0m [1;30mDEBUG[0m [32mSkip shell extension 'dsv' for command environment[0m
[2.594s] [34mcolcon.colcon_core.event_handler.log_command[0m [1;30mDEBUG[0m [32mInvoking command in '/home/hesam/Desktop/Repos/yolo_ros/src/yolo_ros/yolo_ros': CMAKE_PREFIX_PATH=/home/hesam/Desktop/Repos/yolo_ros/install/yolo_msgs:/home/hesam/Desktop/Repos/yolo_ros/install/yolo_bringup:/home/hesam/Desktop/Repos/yolo_ros/install/bev LD_LIBRARY_PATH=/home/hesam/Desktop/Repos/yolo_ros/install/yolo_msgs/lib:/usr/local/lib:/usr/local/cuda-11.8/lib64:/opt/ros/humble/opt/rviz_ogre_vendor/lib:/opt/ros/humble/lib/x86_64-linux-gnu:/opt/ros/humble/lib:/usr/lib/x86_64-linux-gnu/gazebo-11/plugins PYTHONPATH=/home/hesam/Desktop/Repos/yolo_ros/build/yolo_ros/prefix_override:/home/hesam/Desktop/Repos/yolo_ros/install/yolo_ros/lib/python3.10/site-packages:${PYTHONPATH} /usr/bin/python3 -W ignore:setup.py install is deprecated setup.py egg_info --egg-base ../../../build/yolo_ros build --build-base /home/hesam/Desktop/Repos/yolo_ros/build/yolo_ros/build install --record /home/hesam/Desktop/Repos/yolo_ros/build/yolo_ros/install.log --single-version-externally-managed install_data[0m
[3.048s] [34mcolcon.colcon_core.environment[0m [1;30mLevel 1[0m checking '/home/hesam/Desktop/Repos/yolo_ros/install/yolo_ros' for CMake module files
[3.048s] [34mcolcon.colcon_core.event_handler.log_command[0m [1;30mDEBUG[0m [32mInvoked command in '/home/hesam/Desktop/Repos/yolo_ros/src/yolo_ros/yolo_ros' returned '0': CMAKE_PREFIX_PATH=/home/hesam/Desktop/Repos/yolo_ros/install/yolo_msgs:/home/hesam/Desktop/Repos/yolo_ros/install/yolo_bringup:/home/hesam/Desktop/Repos/yolo_ros/install/bev LD_LIBRARY_PATH=/home/hesam/Desktop/Repos/yolo_ros/install/yolo_msgs/lib:/usr/local/lib:/usr/local/cuda-11.8/lib64:/opt/ros/humble/opt/rviz_ogre_vendor/lib:/opt/ros/humble/lib/x86_64-linux-gnu:/opt/ros/humble/lib:/usr/lib/x86_64-linux-gnu/gazebo-11/plugins PYTHONPATH=/home/hesam/Desktop/Repos/yolo_ros/build/yolo_ros/prefix_override:/home/hesam/Desktop/Repos/yolo_ros/install/yolo_ros/lib/python3.10/site-packages:${PYTHONPATH} /usr/bin/python3 -W ignore:setup.py install is deprecated setup.py egg_info --egg-base ../../../build/yolo_ros build --build-base /home/hesam/Desktop/Repos/yolo_ros/build/yolo_ros/build install --record /home/hesam/Desktop/Repos/yolo_ros/build/yolo_ros/install.log --single-version-externally-managed install_data[0m
[3.049s] [34mcolcon.colcon_core.environment[0m [1;30mLevel 1[0m checking '/home/hesam/Desktop/Repos/yolo_ros/install/yolo_ros' for CMake config files
[3.050s] [34mcolcon.colcon_core.environment[0m [1;30mLevel 1[0m checking '/home/hesam/Desktop/Repos/yolo_ros/install/yolo_ros/lib'
[3.050s] [34mcolcon.colcon_core.environment[0m [1;30mLevel 1[0m checking '/home/hesam/Desktop/Repos/yolo_ros/install/yolo_ros/bin'
[3.050s] [34mcolcon.colcon_core.environment[0m [1;30mLevel 1[0m checking '/home/hesam/Desktop/Repos/yolo_ros/install/yolo_ros/lib/pkgconfig/yolo_ros.pc'
[3.050s] [34mcolcon.colcon_core.environment[0m [1;30mLevel 1[0m checking '/home/hesam/Desktop/Repos/yolo_ros/install/yolo_ros/lib/python3.10/site-packages'
[3.051s] [34mcolcon.colcon_core.shell[0m [1;30mLevel 1[0m create_environment_hook('yolo_ros', 'pythonpath')
[3.051s] [34mcolcon.colcon_core.shell[0m [1;30mINFO[0m Creating environment hook '/home/hesam/Desktop/Repos/yolo_ros/install/yolo_ros/share/yolo_ros/hook/pythonpath.ps1'
[3.051s] [34mcolcon.colcon_core.shell[0m [1;30mINFO[0m Creating environment descriptor '/home/hesam/Desktop/Repos/yolo_ros/install/yolo_ros/share/yolo_ros/hook/pythonpath.dsv'
[3.052s] [34mcolcon.colcon_core.shell[0m [1;30mINFO[0m Creating environment hook '/home/hesam/Desktop/Repos/yolo_ros/install/yolo_ros/share/yolo_ros/hook/pythonpath.sh'
[3.052s] [34mcolcon.colcon_core.environment[0m [1;30mLevel 1[0m checking '/home/hesam/Desktop/Repos/yolo_ros/install/yolo_ros/bin'
[3.052s] [34mcolcon.colcon_core.environment[0m [1;30mLevel 1[0m create_environment_scripts_only(yolo_ros)
[3.053s] [34mcolcon.colcon_core.shell[0m [1;30mINFO[0m Creating package script '/home/hesam/Desktop/Repos/yolo_ros/install/yolo_ros/share/yolo_ros/package.ps1'
[3.053s] [34mcolcon.colcon_core.shell[0m [1;30mINFO[0m Creating package descriptor '/home/hesam/Desktop/Repos/yolo_ros/install/yolo_ros/share/yolo_ros/package.dsv'
[3.053s] [34mcolcon.colcon_core.shell[0m [1;30mINFO[0m Creating package script '/home/hesam/Desktop/Repos/yolo_ros/install/yolo_ros/share/yolo_ros/package.sh'
[3.054s] [34mcolcon.colcon_core.shell[0m [1;30mINFO[0m Creating package script '/home/hesam/Desktop/Repos/yolo_ros/install/yolo_ros/share/yolo_ros/package.bash'
[3.054s] [34mcolcon.colcon_core.shell[0m [1;30mINFO[0m Creating package script '/home/hesam/Desktop/Repos/yolo_ros/install/yolo_ros/share/yolo_ros/package.zsh'
[3.054s] [34mcolcon.colcon_core.environment[0m [1;30mLevel 1[0m create_file_with_runtime_dependencies(/home/hesam/Desktop/Repos/yolo_ros/install/yolo_ros/share/colcon-core/packages/yolo_ros)
[3.055s] [34mcolcon.colcon_ros.task.ament_cmake.build[0m [1;30mINFO[0m Building ROS package in '/home/hesam/Desktop/Repos/yolo_ros/src/yolo_ros/yolo_bringup' with build type 'ament_cmake'
[3.055s] [34mcolcon.colcon_cmake.task.cmake.build[0m [1;30mINFO[0m Building CMake package in '/home/hesam/Desktop/Repos/yolo_ros/src/yolo_ros/yolo_bringup'
[3.055s] [34mcolcon.colcon_core.shell[0m [1;30mINFO[0m Skip shell extension 'powershell' for command environment: Not usable outside of PowerShell
[3.055s] [34mcolcon.colcon_core.shell[0m [1;30mDEBUG[0m [32mSkip shell extension 'dsv' for command environment[0m
[3.068s] [34mcolcon.colcon_core.event_handler.log_command[0m [1;30mDEBUG[0m [32mInvoking command in '/home/hesam/Desktop/Repos/yolo_ros/build/yolo_bringup': AMENT_PREFIX_PATH=/home/hesam/Desktop/Repos/yolo_ros/install/yolo_ros:/home/hesam/Desktop/Repos/yolo_ros/install/yolo_bringup:/home/hesam/Desktop/Repos/yolo_ros/install/yolo_msgs:/home/hesam/Desktop/Repos/yolo_ros/install/bev:/home/hesam/ros2_ws/install/robot_localization_gazebo:/home/hesam/ros2_ws/install/kitti2rosbag2:/opt/ros/humble CMAKE_PREFIX_PATH=/home/hesam/Desktop/Repos/yolo_ros/install/yolo_msgs:/home/hesam/Desktop/Repos/yolo_ros/install/yolo_bringup:/home/hesam/Desktop/Repos/yolo_ros/install/bev:/home/hesam/Desktop/Repos/yolo_ros/install/yolo_ros:/home/hesam/ros2_ws/install/robot_localization_gazebo:/home/hesam/ros2_ws/install/kitti2rosbag2:/opt/ros/humble LD_LIBRARY_PATH=/home/hesam/Desktop/Repos/yolo_ros/install/yolo_msgs/lib:/usr/local/lib:/usr/local/cuda-11.8/lib64:/opt/ros/humble/opt/rviz_ogre_vendor/lib:/opt/ros/humble/lib/x86_64-linux-gnu:/opt/ros/humble/lib:/usr/lib/x86_64-linux-gnu/gazebo-11/plugins /usr/bin/cmake --build /home/hesam/Desktop/Repos/yolo_ros/build/yolo_bringup -- -j20 -l20[0m
[3.116s] [34mcolcon.colcon_core.event_handler.log_command[0m [1;30mDEBUG[0m [32mInvoked command in '/home/hesam/Desktop/Repos/yolo_ros/build/yolo_bringup' returned '0': AMENT_PREFIX_PATH=/home/hesam/Desktop/Repos/yolo_ros/install/yolo_ros:/home/hesam/Desktop/Repos/yolo_ros/install/yolo_bringup:/home/hesam/Desktop/Repos/yolo_ros/install/yolo_msgs:/home/hesam/Desktop/Repos/yolo_ros/install/bev:/home/hesam/ros2_ws/install/robot_localization_gazebo:/home/hesam/ros2_ws/install/kitti2rosbag2:/opt/ros/humble CMAKE_PREFIX_PATH=/home/hesam/Desktop/Repos/yolo_ros/install/yolo_msgs:/home/hesam/Desktop/Repos/yolo_ros/install/yolo_bringup:/home/hesam/Desktop/Repos/yolo_ros/install/bev:/home/hesam/Desktop/Repos/yolo_ros/install/yolo_ros:/home/hesam/ros2_ws/install/robot_localization_gazebo:/home/hesam/ros2_ws/install/kitti2rosbag2:/opt/ros/humble LD_LIBRARY_PATH=/home/hesam/Desktop/Repos/yolo_ros/install/yolo_msgs/lib:/usr/local/lib:/usr/local/cuda-11.8/lib64:/opt/ros/humble/opt/rviz_ogre_vendor/lib:/opt/ros/humble/lib/x86_64-linux-gnu:/opt/ros/humble/lib:/usr/lib/x86_64-linux-gnu/gazebo-11/plugins /usr/bin/cmake --build /home/hesam/Desktop/Repos/yolo_ros/build/yolo_bringup -- -j20 -l20[0m
[3.147s] [34mcolcon.colcon_core.event_handler.log_command[0m [1;30mDEBUG[0m [32mInvoking command in '/home/hesam/Desktop/Repos/yolo_ros/build/yolo_bringup': AMENT_PREFIX_PATH=/home/hesam/Desktop/Repos/yolo_ros/install/yolo_ros:/home/hesam/Desktop/Repos/yolo_ros/install/yolo_bringup:/home/hesam/Desktop/Repos/yolo_ros/install/yolo_msgs:/home/hesam/Desktop/Repos/yolo_ros/install/bev:/home/hesam/ros2_ws/install/robot_localization_gazebo:/home/hesam/ros2_ws/install/kitti2rosbag2:/opt/ros/humble CMAKE_PREFIX_PATH=/home/hesam/Desktop/Repos/yolo_ros/install/yolo_msgs:/home/hesam/Desktop/Repos/yolo_ros/install/yolo_bringup:/home/hesam/Desktop/Repos/yolo_ros/install/bev:/home/hesam/Desktop/Repos/yolo_ros/install/yolo_ros:/home/hesam/ros2_ws/install/robot_localization_gazebo:/home/hesam/ros2_ws/install/kitti2rosbag2:/opt/ros/humble LD_LIBRARY_PATH=/home/hesam/Desktop/Repos/yolo_ros/install/yolo_msgs/lib:/usr/local/lib:/usr/local/cuda-11.8/lib64:/opt/ros/humble/opt/rviz_ogre_vendor/lib:/opt/ros/humble/lib/x86_64-linux-gnu:/opt/ros/humble/lib:/usr/lib/x86_64-linux-gnu/gazebo-11/plugins /usr/bin/cmake --install /home/hesam/Desktop/Repos/yolo_ros/build/yolo_bringup[0m
[3.156s] [34mcolcon.colcon_core.environment[0m [1;30mLevel 1[0m create_environment_scripts_only(yolo_bringup)
[3.156s] [34mcolcon.colcon_core.environment[0m [1;30mLevel 1[0m checking '/home/hesam/Desktop/Repos/yolo_ros/install/yolo_bringup' for CMake module files
[3.157s] [34mcolcon.colcon_core.event_handler.log_command[0m [1;30mDEBUG[0m [32mInvoked command in '/home/hesam/Desktop/Repos/yolo_ros/build/yolo_bringup' returned '0': AMENT_PREFIX_PATH=/home/hesam/Desktop/Repos/yolo_ros/install/yolo_ros:/home/hesam/Desktop/Repos/yolo_ros/install/yolo_bringup:/home/hesam/Desktop/Repos/yolo_ros/install/yolo_msgs:/home/hesam/Desktop/Repos/yolo_ros/install/bev:/home/hesam/ros2_ws/install/robot_localization_gazebo:/home/hesam/ros2_ws/install/kitti2rosbag2:/opt/ros/humble CMAKE_PREFIX_PATH=/home/hesam/Desktop/Repos/yolo_ros/install/yolo_msgs:/home/hesam/Desktop/Repos/yolo_ros/install/yolo_bringup:/home/hesam/Desktop/Repos/yolo_ros/install/bev:/home/hesam/Desktop/Repos/yolo_ros/install/yolo_ros:/home/hesam/ros2_ws/install/robot_localization_gazebo:/home/hesam/ros2_ws/install/kitti2rosbag2:/opt/ros/humble LD_LIBRARY_PATH=/home/hesam/Desktop/Repos/yolo_ros/install/yolo_msgs/lib:/usr/local/lib:/usr/local/cuda-11.8/lib64:/opt/ros/humble/opt/rviz_ogre_vendor/lib:/opt/ros/humble/lib/x86_64-linux-gnu:/opt/ros/humble/lib:/usr/lib/x86_64-linux-gnu/gazebo-11/plugins /usr/bin/cmake --install /home/hesam/Desktop/Repos/yolo_ros/build/yolo_bringup[0m
[3.157s] [34mcolcon.colcon_core.environment[0m [1;30mLevel 1[0m checking '/home/hesam/Desktop/Repos/yolo_ros/install/yolo_bringup' for CMake config files
[3.157s] [34mcolcon.colcon_core.shell[0m [1;30mLevel 1[0m create_environment_hook('yolo_bringup', 'cmake_prefix_path')
[3.158s] [34mcolcon.colcon_core.shell[0m [1;30mINFO[0m Creating environment hook '/home/hesam/Desktop/Repos/yolo_ros/install/yolo_bringup/share/yolo_bringup/hook/cmake_prefix_path.ps1'
[3.158s] [34mcolcon.colcon_core.shell[0m [1;30mINFO[0m Creating environment descriptor '/home/hesam/Desktop/Repos/yolo_ros/install/yolo_bringup/share/yolo_bringup/hook/cmake_prefix_path.dsv'
[3.159s] [34mcolcon.colcon_core.shell[0m [1;30mINFO[0m Creating environment hook '/home/hesam/Desktop/Repos/yolo_ros/install/yolo_bringup/share/yolo_bringup/hook/cmake_prefix_path.sh'
[3.159s] [34mcolcon.colcon_core.environment[0m [1;30mLevel 1[0m checking '/home/hesam/Desktop/Repos/yolo_ros/install/yolo_bringup/bin'
[3.160s] [34mcolcon.colcon_core.environment[0m [1;30mLevel 1[0m checking '/home/hesam/Desktop/Repos/yolo_ros/install/yolo_bringup/lib/pkgconfig/yolo_bringup.pc'
[3.160s] [34mcolcon.colcon_core.environment[0m [1;30mLevel 1[0m checking '/home/hesam/Desktop/Repos/yolo_ros/install/yolo_bringup/lib/python3.10/site-packages'
[3.160s] [34mcolcon.colcon_core.environment[0m [1;30mLevel 1[0m checking '/home/hesam/Desktop/Repos/yolo_ros/install/yolo_bringup/bin'
[3.161s] [34mcolcon.colcon_core.shell[0m [1;30mINFO[0m Creating package script '/home/hesam/Desktop/Repos/yolo_ros/install/yolo_bringup/share/yolo_bringup/package.ps1'
[3.162s] [34mcolcon.colcon_core.shell[0m [1;30mINFO[0m Creating package descriptor '/home/hesam/Desktop/Repos/yolo_ros/install/yolo_bringup/share/yolo_bringup/package.dsv'
[3.162s] [34mcolcon.colcon_core.shell[0m [1;30mINFO[0m Creating package script '/home/hesam/Desktop/Repos/yolo_ros/install/yolo_bringup/share/yolo_bringup/package.sh'
[3.162s] [34mcolcon.colcon_core.shell[0m [1;30mINFO[0m Creating package script '/home/hesam/Desktop/Repos/yolo_ros/install/yolo_bringup/share/yolo_bringup/package.bash'
[3.163s] [34mcolcon.colcon_core.shell[0m [1;30mINFO[0m Creating package script '/home/hesam/Desktop/Repos/yolo_ros/install/yolo_bringup/share/yolo_bringup/package.zsh'
[3.163s] [34mcolcon.colcon_core.environment[0m [1;30mLevel 1[0m create_file_with_runtime_dependencies(/home/hesam/Desktop/Repos/yolo_ros/install/yolo_bringup/share/colcon-core/packages/yolo_bringup)
[3.189s] [34mcolcon.colcon_core.environment[0m [1;30mLevel 1[0m create_environment_scripts_only(yolo_bringup)
[3.190s] [34mcolcon.colcon_core.environment[0m [1;30mLevel 1[0m checking '/home/hesam/Desktop/Repos/yolo_ros/install/yolo_bringup' for CMake module files
[3.190s] [34mcolcon.colcon_core.environment[0m [1;30mLevel 1[0m checking '/home/hesam/Desktop/Repos/yolo_ros/install/yolo_bringup' for CMake config files
[3.190s] [34mcolcon.colcon_core.shell[0m [1;30mLevel 1[0m create_environment_hook('yolo_bringup', 'cmake_prefix_path')
[3.191s] [34mcolcon.colcon_core.shell[0m [1;30mINFO[0m Creating environment hook '/home/hesam/Desktop/Repos/yolo_ros/install/yolo_bringup/share/yolo_bringup/hook/cmake_prefix_path.ps1'
[3.191s] [34mcolcon.colcon_core.shell[0m [1;30mINFO[0m Creating environment descriptor '/home/hesam/Desktop/Repos/yolo_ros/install/yolo_bringup/share/yolo_bringup/hook/cmake_prefix_path.dsv'
[3.192s] [34mcolcon.colcon_core.shell[0m [1;30mINFO[0m Creating environment hook '/home/hesam/Desktop/Repos/yolo_ros/install/yolo_bringup/share/yolo_bringup/hook/cmake_prefix_path.sh'
[3.193s] [34mcolcon.colcon_core.environment[0m [1;30mLevel 1[0m checking '/home/hesam/Desktop/Repos/yolo_ros/install/yolo_bringup/bin'
[3.193s] [34mcolcon.colcon_core.environment[0m [1;30mLevel 1[0m checking '/home/hesam/Desktop/Repos/yolo_ros/install/yolo_bringup/lib/pkgconfig/yolo_bringup.pc'
[3.193s] [34mcolcon.colcon_core.environment[0m [1;30mLevel 1[0m checking '/home/hesam/Desktop/Repos/yolo_ros/install/yolo_bringup/lib/python3.10/site-packages'
[3.193s] [34mcolcon.colcon_core.environment[0m [1;30mLevel 1[0m checking '/home/hesam/Desktop/Repos/yolo_ros/install/yolo_bringup/bin'
[3.194s] [34mcolcon.colcon_core.shell[0m [1;30mINFO[0m Creating package script '/home/hesam/Desktop/Repos/yolo_ros/install/yolo_bringup/share/yolo_bringup/package.ps1'
[3.195s] [34mcolcon.colcon_core.shell[0m [1;30mINFO[0m Creating package descriptor '/home/hesam/Desktop/Repos/yolo_ros/install/yolo_bringup/share/yolo_bringup/package.dsv'
[3.195s] [34mcolcon.colcon_core.shell[0m [1;30mINFO[0m Creating package script '/home/hesam/Desktop/Repos/yolo_ros/install/yolo_bringup/share/yolo_bringup/package.sh'
[3.196s] [34mcolcon.colcon_core.shell[0m [1;30mINFO[0m Creating package script '/home/hesam/Desktop/Repos/yolo_ros/install/yolo_bringup/share/yolo_bringup/package.bash'
[3.196s] [34mcolcon.colcon_core.shell[0m [1;30mINFO[0m Creating package script '/home/hesam/Desktop/Repos/yolo_ros/install/yolo_bringup/share/yolo_bringup/package.zsh'
[3.196s] [34mcolcon.colcon_core.environment[0m [1;30mLevel 1[0m create_file_with_runtime_dependencies(/home/hesam/Desktop/Repos/yolo_ros/install/yolo_bringup/share/colcon-core/packages/yolo_bringup)
[11.713s] [34mcolcon.colcon_core.event_handler.log_command[0m [1;30mDEBUG[0m [32mInvoked command in '/home/hesam/Desktop/Repos/yolo_ros/build/bev' returned '0': CMAKE_PREFIX_PATH=${CMAKE_PREFIX_PATH}:/home/hesam/Desktop/Repos/yolo_ros/install/yolo_ros:/home/hesam/ros2_ws/install/robot_localization_gazebo:/home/hesam/ros2_ws/install/kitti2rosbag2:/opt/ros/humble /usr/bin/cmake --build /home/hesam/Desktop/Repos/yolo_ros/build/bev -- -j20 -l20[0m
[11.748s] [34mcolcon.colcon_core.event_handler.log_command[0m [1;30mDEBUG[0m [32mInvoking command in '/home/hesam/Desktop/Repos/yolo_ros/build/bev': CMAKE_PREFIX_PATH=${CMAKE_PREFIX_PATH}:/home/hesam/Desktop/Repos/yolo_ros/install/yolo_ros:/home/hesam/ros2_ws/install/robot_localization_gazebo:/home/hesam/ros2_ws/install/kitti2rosbag2:/opt/ros/humble /usr/bin/cmake --install /home/hesam/Desktop/Repos/yolo_ros/build/bev[0m
[11.762s] [34mcolcon.colcon_core.environment[0m [1;30mLevel 1[0m create_environment_scripts_only(bev)
[11.762s] [34mcolcon.colcon_core.environment[0m [1;30mLevel 1[0m checking '/home/hesam/Desktop/Repos/yolo_ros/install/bev' for CMake module files
[11.764s] [34mcolcon.colcon_core.event_handler.log_command[0m [1;30mDEBUG[0m [32mInvoked command in '/home/hesam/Desktop/Repos/yolo_ros/build/bev' returned '0': CMAKE_PREFIX_PATH=${CMAKE_PREFIX_PATH}:/home/hesam/Desktop/Repos/yolo_ros/install/yolo_ros:/home/hesam/ros2_ws/install/robot_localization_gazebo:/home/hesam/ros2_ws/install/kitti2rosbag2:/opt/ros/humble /usr/bin/cmake --install /home/hesam/Desktop/Repos/yolo_ros/build/bev[0m
[11.764s] [34mcolcon.colcon_core.environment[0m [1;30mLevel 1[0m checking '/home/hesam/Desktop/Repos/yolo_ros/install/bev' for CMake config files
[11.765s] [34mcolcon.colcon_core.shell[0m [1;30mLevel 1[0m create_environment_hook('bev', 'cmake_prefix_path')
[11.765s] [34mcolcon.colcon_core.shell[0m [1;30mINFO[0m Creating environment hook '/home/hesam/Desktop/Repos/yolo_ros/install/bev/share/bev/hook/cmake_prefix_path.ps1'
[11.765s] [34mcolcon.colcon_core.shell[0m [1;30mINFO[0m Creating environment descriptor '/home/hesam/Desktop/Repos/yolo_ros/install/bev/share/bev/hook/cmake_prefix_path.dsv'
[11.765s] [34mcolcon.colcon_core.shell[0m [1;30mINFO[0m Creating environment hook '/home/hesam/Desktop/Repos/yolo_ros/install/bev/share/bev/hook/cmake_prefix_path.sh'
[11.766s] [34mcolcon.colcon_core.environment[0m [1;30mLevel 1[0m checking '/home/hesam/Desktop/Repos/yolo_ros/install/bev/lib'
[11.766s] [34mcolcon.colcon_core.environment[0m [1;30mLevel 1[0m checking '/home/hesam/Desktop/Repos/yolo_ros/install/bev/bin'
[11.766s] [34mcolcon.colcon_core.environment[0m [1;30mLevel 1[0m checking '/home/hesam/Desktop/Repos/yolo_ros/install/bev/lib/pkgconfig/bev.pc'
[11.766s] [34mcolcon.colcon_core.environment[0m [1;30mLevel 1[0m checking '/home/hesam/Desktop/Repos/yolo_ros/install/bev/lib/python3.10/site-packages'
[11.766s] [34mcolcon.colcon_core.environment[0m [1;30mLevel 1[0m checking '/home/hesam/Desktop/Repos/yolo_ros/install/bev/bin'
[11.766s] [34mcolcon.colcon_core.shell[0m [1;30mINFO[0m Creating package script '/home/hesam/Desktop/Repos/yolo_ros/install/bev/share/bev/package.ps1'
[11.767s] [34mcolcon.colcon_core.shell[0m [1;30mINFO[0m Creating package descriptor '/home/hesam/Desktop/Repos/yolo_ros/install/bev/share/bev/package.dsv'
[11.767s] [34mcolcon.colcon_core.shell[0m [1;30mINFO[0m Creating package script '/home/hesam/Desktop/Repos/yolo_ros/install/bev/share/bev/package.sh'
[11.767s] [34mcolcon.colcon_core.shell[0m [1;30mINFO[0m Creating package script '/home/hesam/Desktop/Repos/yolo_ros/install/bev/share/bev/package.bash'
[11.767s] [34mcolcon.colcon_core.shell[0m [1;30mINFO[0m Creating package script '/home/hesam/Desktop/Repos/yolo_ros/install/bev/share/bev/package.zsh'
[11.767s] [34mcolcon.colcon_core.environment[0m [1;30mLevel 1[0m create_file_with_runtime_dependencies(/home/hesam/Desktop/Repos/yolo_ros/install/bev/share/colcon-core/packages/bev)
[11.801s] [34mcolcon.colcon_core.environment[0m [1;30mLevel 1[0m create_environment_scripts_only(bev)
[11.801s] [34mcolcon.colcon_core.environment[0m [1;30mLevel 1[0m checking '/home/hesam/Desktop/Repos/yolo_ros/install/bev' for CMake module files
[11.802s] [34mcolcon.colcon_core.environment[0m [1;30mLevel 1[0m checking '/home/hesam/Desktop/Repos/yolo_ros/install/bev' for CMake config files
[11.802s] [34mcolcon.colcon_core.shell[0m [1;30mLevel 1[0m create_environment_hook('bev', 'cmake_prefix_path')
[11.802s] [34mcolcon.colcon_core.shell[0m [1;30mINFO[0m Creating environment hook '/home/hesam/Desktop/Repos/yolo_ros/install/bev/share/bev/hook/cmake_prefix_path.ps1'
[11.803s] [34mcolcon.colcon_core.shell[0m [1;30mINFO[0m Creating environment descriptor '/home/hesam/Desktop/Repos/yolo_ros/install/bev/share/bev/hook/cmake_prefix_path.dsv'
[11.803s] [34mcolcon.colcon_core.shell[0m [1;30mINFO[0m Creating environment hook '/home/hesam/Desktop/Repos/yolo_ros/install/bev/share/bev/hook/cmake_prefix_path.sh'
[11.804s] [34mcolcon.colcon_core.environment[0m [1;30mLevel 1[0m checking '/home/hesam/Desktop/Repos/yolo_ros/install/bev/lib'
[11.804s] [34mcolcon.colcon_core.environment[0m [1;30mLevel 1[0m checking '/home/hesam/Desktop/Repos/yolo_ros/install/bev/bin'
[11.804s] [34mcolcon.colcon_core.environment[0m [1;30mLevel 1[0m checking '/home/hesam/Desktop/Repos/yolo_ros/install/bev/lib/pkgconfig/bev.pc'
[11.804s] [34mcolcon.colcon_core.environment[0m [1;30mLevel 1[0m checking '/home/hesam/Desktop/Repos/yolo_ros/install/bev/lib/python3.10/site-packages'
[11.804s] [34mcolcon.colcon_core.environment[0m [1;30mLevel 1[0m checking '/home/hesam/Desktop/Repos/yolo_ros/install/bev/bin'
[11.805s] [34mcolcon.colcon_core.shell[0m [1;30mINFO[0m Creating package script '/home/hesam/Desktop/Repos/yolo_ros/install/bev/share/bev/package.ps1'
[11.805s] [34mcolcon.colcon_core.shell[0m [1;30mINFO[0m Creating package descriptor '/home/hesam/Desktop/Repos/yolo_ros/install/bev/share/bev/package.dsv'
[11.806s] [34mcolcon.colcon_core.shell[0m [1;30mINFO[0m Creating package script '/home/hesam/Desktop/Repos/yolo_ros/install/bev/share/bev/package.sh'
[11.806s] [34mcolcon.colcon_core.shell[0m [1;30mINFO[0m Creating package script '/home/hesam/Desktop/Repos/yolo_ros/install/bev/share/bev/package.bash'
[11.806s] [34mcolcon.colcon_core.shell[0m [1;30mINFO[0m Creating package script '/home/hesam/Desktop/Repos/yolo_ros/install/bev/share/bev/package.zsh'
[11.807s] [34mcolcon.colcon_core.environment[0m [1;30mLevel 1[0m create_file_with_runtime_dependencies(/home/hesam/Desktop/Repos/yolo_ros/install/bev/share/colcon-core/packages/bev)
[11.807s] [34mcolcon.colcon_parallel_executor.executor.parallel[0m [1;30mDEBUG[0m [32mclosing loop[0m
[11.807s] [34mcolcon.colcon_parallel_executor.executor.parallel[0m [1;30mDEBUG[0m [32mloop closed[0m
[11.807s] [34mcolcon.colcon_parallel_executor.executor.parallel[0m [1;30mDEBUG[0m [32mrun_until_complete finished with '0'[0m
[11.807s] [34mcolcon.colcon_core.event_reactor[0m [1;30mDEBUG[0m [32mjoining thread[0m
[11.813s] [34mcolcon.colcon_core.plugin_system[0m [1;30mINFO[0m Skipping extension 'colcon_notification.desktop_notification.terminal_notifier': Not used on non-Darwin systems
[11.814s] [34mcolcon.colcon_core.plugin_system[0m [1;30mINFO[0m Skipping extension 'colcon_notification.desktop_notification.win32': Not used on non-Windows systems
[11.814s] [34mcolcon.colcon_notification.desktop_notification[0m [1;30mINFO[0m Sending desktop notification using 'notify2'
[11.826s] [34mcolcon.colcon_core.event_reactor[0m [1;30mDEBUG[0m [32mjoined thread[0m
[11.826s] [34mcolcon.colcon_core.shell[0m [1;30mINFO[0m Creating prefix script '/home/hesam/Desktop/Repos/yolo_ros/install/local_setup.ps1'
[11.828s] [34mcolcon.colcon_core.shell[0m [1;30mINFO[0m Creating prefix util module '/home/hesam/Desktop/Repos/yolo_ros/install/_local_setup_util_ps1.py'
[11.830s] [34mcolcon.colcon_core.shell[0m [1;30mINFO[0m Creating prefix chain script '/home/hesam/Desktop/Repos/yolo_ros/install/setup.ps1'
[11.832s] [34mcolcon.colcon_core.shell[0m [1;30mINFO[0m Creating prefix script '/home/hesam/Desktop/Repos/yolo_ros/install/local_setup.sh'
[11.832s] [34mcolcon.colcon_core.shell[0m [1;30mINFO[0m Creating prefix util module '/home/hesam/Desktop/Repos/yolo_ros/install/_local_setup_util_sh.py'
[11.832s] [34mcolcon.colcon_core.shell[0m [1;30mINFO[0m Creating prefix chain script '/home/hesam/Desktop/Repos/yolo_ros/install/setup.sh'
[11.833s] [34mcolcon.colcon_core.shell[0m [1;30mINFO[0m Creating prefix script '/home/hesam/Desktop/Repos/yolo_ros/install/local_setup.bash'
[11.834s] [34mcolcon.colcon_core.shell[0m [1;30mINFO[0m Creating prefix chain script '/home/hesam/Desktop/Repos/yolo_ros/install/setup.bash'
[11.834s] [34mcolcon.colcon_core.shell[0m [1;30mINFO[0m Creating prefix script '/home/hesam/Desktop/Repos/yolo_ros/install/local_setup.zsh'
[11.835s] [34mcolcon.colcon_core.shell[0m [1;30mINFO[0m Creating prefix chain script '/home/hesam/Desktop/Repos/yolo_ros/install/setup.zsh'
