[0.009s] Invoking command in '/home/hesam/Desktop/Repos/yolo_ros/build/bev': CMAKE_PREFIX_PATH=${CMAKE_PREFIX_PATH}:/home/hesam/Desktop/Repos/yolo_ros/install/yolo_ros:/home/hesam/ros2_ws/install/robot_localization_gazebo:/home/hesam/ros2_ws/install/kitti2rosbag2:/opt/ros/humble /usr/bin/cmake --build /home/hesam/Desktop/Repos/yolo_ros/build/bev -- -j20 -l20
[0.050s] [35m[1mConsolidate compiler generated dependencies of target bev_node[0m
[0.070s] [100%] Built target bev_node
[0.077s] Invoked command in '/home/hesam/Desktop/Repos/yolo_ros/build/bev' returned '0': CMAKE_PREFIX_PATH=${CMAKE_PREFIX_PATH}:/home/hesam/Desktop/Repos/yolo_ros/install/yolo_ros:/home/hesam/ros2_ws/install/robot_localization_gazebo:/home/hesam/ros2_ws/install/kitti2rosbag2:/opt/ros/humble /usr/bin/cmake --build /home/hesam/Desktop/Repos/yolo_ros/build/bev -- -j20 -l20
[0.102s] Invoking command in '/home/hesam/Desktop/Repos/yolo_ros/build/bev': CMAKE_PREFIX_PATH=${CMAKE_PREFIX_PATH}:/home/hesam/Desktop/Repos/yolo_ros/install/yolo_ros:/home/hesam/ros2_ws/install/robot_localization_gazebo:/home/hesam/ros2_ws/install/kitti2rosbag2:/opt/ros/humble /usr/bin/cmake --install /home/hesam/Desktop/Repos/yolo_ros/build/bev
[0.107s] -- Install configuration: ""
[0.107s] -- Up-to-date: /home/hesam/Desktop/Repos/yolo_ros/install/bev/lib/bev/bev_node
[0.107s] -- Up-to-date: /home/hesam/Desktop/Repos/yolo_ros/install/bev/share/bev/launch
[0.107s] -- Up-to-date: /home/hesam/Desktop/Repos/yolo_ros/install/bev/share/bev/launch/run.launch.py
[0.107s] -- Up-to-date: /home/hesam/Desktop/Repos/yolo_ros/install/bev/share/bev/cfg
[0.107s] -- Installing: /home/hesam/Desktop/Repos/yolo_ros/install/bev/share/bev/cfg/cfg.yaml
[0.107s] -- Up-to-date: /home/hesam/Desktop/Repos/yolo_ros/install/bev/share/ament_index/resource_index/package_run_dependencies/bev
[0.107s] -- Up-to-date: /home/hesam/Desktop/Repos/yolo_ros/install/bev/share/ament_index/resource_index/parent_prefix_path/bev
[0.107s] -- Up-to-date: /home/hesam/Desktop/Repos/yolo_ros/install/bev/share/bev/environment/ament_prefix_path.sh
[0.107s] -- Up-to-date: /home/hesam/Desktop/Repos/yolo_ros/install/bev/share/bev/environment/ament_prefix_path.dsv
[0.107s] -- Up-to-date: /home/hesam/Desktop/Repos/yolo_ros/install/bev/share/bev/environment/path.sh
[0.108s] -- Up-to-date: /home/hesam/Desktop/Repos/yolo_ros/install/bev/share/bev/environment/path.dsv
[0.108s] -- Up-to-date: /home/hesam/Desktop/Repos/yolo_ros/install/bev/share/bev/local_setup.bash
[0.108s] -- Up-to-date: /home/hesam/Desktop/Repos/yolo_ros/install/bev/share/bev/local_setup.sh
[0.108s] -- Up-to-date: /home/hesam/Desktop/Repos/yolo_ros/install/bev/share/bev/local_setup.zsh
[0.108s] -- Up-to-date: /home/hesam/Desktop/Repos/yolo_ros/install/bev/share/bev/local_setup.dsv
[0.108s] -- Installing: /home/hesam/Desktop/Repos/yolo_ros/install/bev/share/bev/package.dsv
[0.108s] -- Up-to-date: /home/hesam/Desktop/Repos/yolo_ros/install/bev/share/ament_index/resource_index/packages/bev
[0.108s] -- Up-to-date: /home/hesam/Desktop/Repos/yolo_ros/install/bev/share/bev/cmake/ament_cmake_export_include_directories-extras.cmake
[0.108s] -- Up-to-date: /home/hesam/Desktop/Repos/yolo_ros/install/bev/share/bev/cmake/ament_cmake_export_dependencies-extras.cmake
[0.108s] -- Up-to-date: /home/hesam/Desktop/Repos/yolo_ros/install/bev/share/bev/cmake/bevConfig.cmake
[0.108s] -- Up-to-date: /home/hesam/Desktop/Repos/yolo_ros/install/bev/share/bev/cmake/bevConfig-version.cmake
[0.108s] -- Up-to-date: /home/hesam/Desktop/Repos/yolo_ros/install/bev/share/bev/package.xml
[0.109s] Invoked command in '/home/hesam/Desktop/Repos/yolo_ros/build/bev' returned '0': CMAKE_PREFIX_PATH=${CMAKE_PREFIX_PATH}:/home/hesam/Desktop/Repos/yolo_ros/install/yolo_ros:/home/hesam/ros2_ws/install/robot_localization_gazebo:/home/hesam/ros2_ws/install/kitti2rosbag2:/opt/ros/humble /usr/bin/cmake --install /home/hesam/Desktop/Repos/yolo_ros/build/bev
