[0.064s] [34mcolcon[0m [1;30mDEBUG[0m [32mCommand line arguments: ['/usr/bin/colcon', 'build'][0m
[0.064s] [34mcolcon[0m [1;30mDEBUG[0m [32mParsed command line arguments: Namespace(log_base=None, log_level=None, verb_name='build', build_base='build', install_base='install', merge_install=False, symlink_install=False, test_result_base=None, continue_on_error=False, executor='parallel', parallel_workers=20, event_handlers=None, ignore_user_meta=False, metas=['./colcon.meta'], base_paths=['.'], packages_ignore=None, packages_ignore_regex=None, paths=None, packages_up_to=None, packages_up_to_regex=None, packages_above=None, packages_above_and_dependencies=None, packages_above_depth=None, packages_select_by_dep=None, packages_skip_by_dep=None, packages_skip_up_to=None, packages_select_build_failed=False, packages_skip_build_finished=False, packages_select_test_failures=False, packages_skip_test_passed=False, packages_select=None, packages_skip=None, packages_select_regex=None, packages_skip_regex=None, packages_start=None, packages_end=None, allow_overriding=[], cmake_args=None, cmake_target=None, cmake_target_skip_unavailable=False, cmake_clean_cache=False, cmake_clean_first=False, cmake_force_configure=False, ament_cmake_args=None, catkin_cmake_args=None, catkin_skip_building_tests=False, verb_parser=<colcon_defaults.argument_parser.defaults.DefaultArgumentsDecorator object at 0x72f04501d420>, verb_extension=<colcon_core.verb.build.BuildVerb object at 0x72f045102710>, main=<bound method BuildVerb.main of <colcon_core.verb.build.BuildVerb object at 0x72f045102710>>)[0m
[0.084s] [34mcolcon.colcon_core.package_discovery[0m [1;30mLevel 1[0m discover_packages(colcon_meta) check parameters
[0.084s] [34mcolcon.colcon_core.package_discovery[0m [1;30mLevel 1[0m discover_packages(recursive) check parameters
[0.084s] [34mcolcon.colcon_core.package_discovery[0m [1;30mLevel 1[0m discover_packages(ignore) check parameters
[0.084s] [34mcolcon.colcon_core.package_discovery[0m [1;30mLevel 1[0m discover_packages(path) check parameters
[0.084s] [34mcolcon.colcon_core.package_discovery[0m [1;30mLevel 1[0m discover_packages(colcon_meta) discover
[0.084s] [34mcolcon.colcon_core.package_discovery[0m [1;30mLevel 1[0m discover_packages(recursive) discover
[0.084s] [34mcolcon.colcon_core.package_discovery[0m [1;30mINFO[0m Crawling recursively for packages in '/home/hesam/Desktop/Repos/yolo_ros'
[0.084s] [34mcolcon.colcon_core.package_identification[0m [1;30mLevel 1[0m _identify(.) by extensions ['ignore', 'ignore_ament_install']
[0.085s] [34mcolcon.colcon_core.package_identification[0m [1;30mLevel 1[0m _identify(.) by extension 'ignore'
[0.085s] [34mcolcon.colcon_core.package_identification[0m [1;30mLevel 1[0m _identify(.) by extension 'ignore_ament_install'
[0.085s] [34mcolcon.colcon_core.package_identification[0m [1;30mLevel 1[0m _identify(.) by extensions ['colcon_pkg']
[0.085s] [34mcolcon.colcon_core.package_identification[0m [1;30mLevel 1[0m _identify(.) by extension 'colcon_pkg'
[0.085s] [34mcolcon.colcon_core.package_identification[0m [1;30mLevel 1[0m _identify(.) by extensions ['colcon_meta']
[0.085s] [34mcolcon.colcon_core.package_identification[0m [1;30mLevel 1[0m _identify(.) by extension 'colcon_meta'
[0.085s] [34mcolcon.colcon_core.package_identification[0m [1;30mLevel 1[0m _identify(.) by extensions ['ros']
[0.085s] [34mcolcon.colcon_core.package_identification[0m [1;30mLevel 1[0m _identify(.) by extension 'ros'
[0.093s] [34mcolcon.colcon_core.package_identification[0m [1;30mLevel 1[0m _identify(.) by extensions ['cmake', 'python']
[0.093s] [34mcolcon.colcon_core.package_identification[0m [1;30mLevel 1[0m _identify(.) by extension 'cmake'
[0.093s] [34mcolcon.colcon_core.package_identification[0m [1;30mLevel 1[0m _identify(.) by extension 'python'
[0.093s] [34mcolcon.colcon_core.package_identification[0m [1;30mLevel 1[0m _identify(.) by extensions ['python_setup_py']
[0.093s] [34mcolcon.colcon_core.package_identification[0m [1;30mLevel 1[0m _identify(.) by extension 'python_setup_py'
[0.094s] [34mcolcon.colcon_core.package_identification[0m [1;30mLevel 1[0m _identify(build) by extensions ['ignore', 'ignore_ament_install']
[0.094s] [34mcolcon.colcon_core.package_identification[0m [1;30mLevel 1[0m _identify(build) by extension 'ignore'
[0.094s] [34mcolcon.colcon_core.package_identification[0m [1;30mLevel 1[0m _identify(build) ignored
[0.094s] [34mcolcon.colcon_core.package_identification[0m [1;30mLevel 1[0m _identify(install) by extensions ['ignore', 'ignore_ament_install']
[0.094s] [34mcolcon.colcon_core.package_identification[0m [1;30mLevel 1[0m _identify(install) by extension 'ignore'
[0.094s] [34mcolcon.colcon_core.package_identification[0m [1;30mLevel 1[0m _identify(install) ignored
[0.094s] [34mcolcon.colcon_core.package_identification[0m [1;30mLevel 1[0m _identify(log) by extensions ['ignore', 'ignore_ament_install']
[0.094s] [34mcolcon.colcon_core.package_identification[0m [1;30mLevel 1[0m _identify(log) by extension 'ignore'
[0.094s] [34mcolcon.colcon_core.package_identification[0m [1;30mLevel 1[0m _identify(log) ignored
[0.094s] [34mcolcon.colcon_core.package_identification[0m [1;30mLevel 1[0m _identify(logs) by extensions ['ignore', 'ignore_ament_install']
[0.094s] [34mcolcon.colcon_core.package_identification[0m [1;30mLevel 1[0m _identify(logs) by extension 'ignore'
[0.094s] [34mcolcon.colcon_core.package_identification[0m [1;30mLevel 1[0m _identify(logs) by extension 'ignore_ament_install'
[0.094s] [34mcolcon.colcon_core.package_identification[0m [1;30mLevel 1[0m _identify(logs) by extensions ['colcon_pkg']
[0.094s] [34mcolcon.colcon_core.package_identification[0m [1;30mLevel 1[0m _identify(logs) by extension 'colcon_pkg'
[0.094s] [34mcolcon.colcon_core.package_identification[0m [1;30mLevel 1[0m _identify(logs) by extensions ['colcon_meta']
[0.094s] [34mcolcon.colcon_core.package_identification[0m [1;30mLevel 1[0m _identify(logs) by extension 'colcon_meta'
[0.094s] [34mcolcon.colcon_core.package_identification[0m [1;30mLevel 1[0m _identify(logs) by extensions ['ros']
[0.094s] [34mcolcon.colcon_core.package_identification[0m [1;30mLevel 1[0m _identify(logs) by extension 'ros'
[0.094s] [34mcolcon.colcon_core.package_identification[0m [1;30mLevel 1[0m _identify(logs) by extensions ['cmake', 'python']
[0.094s] [34mcolcon.colcon_core.package_identification[0m [1;30mLevel 1[0m _identify(logs) by extension 'cmake'
[0.094s] [34mcolcon.colcon_core.package_identification[0m [1;30mLevel 1[0m _identify(logs) by extension 'python'
[0.094s] [34mcolcon.colcon_core.package_identification[0m [1;30mLevel 1[0m _identify(logs) by extensions ['python_setup_py']
[0.094s] [34mcolcon.colcon_core.package_identification[0m [1;30mLevel 1[0m _identify(logs) by extension 'python_setup_py'
[0.094s] [34mcolcon.colcon_core.package_identification[0m [1;30mLevel 1[0m _identify(src) by extensions ['ignore', 'ignore_ament_install']
[0.094s] [34mcolcon.colcon_core.package_identification[0m [1;30mLevel 1[0m _identify(src) by extension 'ignore'
[0.094s] [34mcolcon.colcon_core.package_identification[0m [1;30mLevel 1[0m _identify(src) by extension 'ignore_ament_install'
[0.094s] [34mcolcon.colcon_core.package_identification[0m [1;30mLevel 1[0m _identify(src) by extensions ['colcon_pkg']
[0.094s] [34mcolcon.colcon_core.package_identification[0m [1;30mLevel 1[0m _identify(src) by extension 'colcon_pkg'
[0.094s] [34mcolcon.colcon_core.package_identification[0m [1;30mLevel 1[0m _identify(src) by extensions ['colcon_meta']
[0.094s] [34mcolcon.colcon_core.package_identification[0m [1;30mLevel 1[0m _identify(src) by extension 'colcon_meta'
[0.094s] [34mcolcon.colcon_core.package_identification[0m [1;30mLevel 1[0m _identify(src) by extensions ['ros']
[0.094s] [34mcolcon.colcon_core.package_identification[0m [1;30mLevel 1[0m _identify(src) by extension 'ros'
[0.094s] [34mcolcon.colcon_core.package_identification[0m [1;30mLevel 1[0m _identify(src) by extensions ['cmake', 'python']
[0.094s] [34mcolcon.colcon_core.package_identification[0m [1;30mLevel 1[0m _identify(src) by extension 'cmake'
[0.094s] [34mcolcon.colcon_core.package_identification[0m [1;30mLevel 1[0m _identify(src) by extension 'python'
[0.094s] [34mcolcon.colcon_core.package_identification[0m [1;30mLevel 1[0m _identify(src) by extensions ['python_setup_py']
[0.094s] [34mcolcon.colcon_core.package_identification[0m [1;30mLevel 1[0m _identify(src) by extension 'python_setup_py'
[0.095s] [34mcolcon.colcon_core.package_identification[0m [1;30mLevel 1[0m _identify(src/bev) by extensions ['ignore', 'ignore_ament_install']
[0.095s] [34mcolcon.colcon_core.package_identification[0m [1;30mLevel 1[0m _identify(src/bev) by extension 'ignore'
[0.095s] [34mcolcon.colcon_core.package_identification[0m [1;30mLevel 1[0m _identify(src/bev) by extension 'ignore_ament_install'
[0.095s] [34mcolcon.colcon_core.package_identification[0m [1;30mLevel 1[0m _identify(src/bev) by extensions ['colcon_pkg']
[0.095s] [34mcolcon.colcon_core.package_identification[0m [1;30mLevel 1[0m _identify(src/bev) by extension 'colcon_pkg'
[0.095s] [34mcolcon.colcon_core.package_identification[0m [1;30mLevel 1[0m _identify(src/bev) by extensions ['colcon_meta']
[0.095s] [34mcolcon.colcon_core.package_identification[0m [1;30mLevel 1[0m _identify(src/bev) by extension 'colcon_meta'
[0.095s] [34mcolcon.colcon_core.package_identification[0m [1;30mLevel 1[0m _identify(src/bev) by extensions ['ros']
[0.095s] [34mcolcon.colcon_core.package_identification[0m [1;30mLevel 1[0m _identify(src/bev) by extension 'ros'
[0.096s] [34mcolcon.colcon_core.package_identification[0m [1;30mDEBUG[0m [32mPackage 'src/bev' with type 'ros.ament_cmake' and name 'bev'[0m
[0.096s] [34mcolcon.colcon_core.package_identification[0m [1;30mLevel 1[0m _identify(src/yolo_ros) by extensions ['ignore', 'ignore_ament_install']
[0.096s] [34mcolcon.colcon_core.package_identification[0m [1;30mLevel 1[0m _identify(src/yolo_ros) by extension 'ignore'
[0.096s] [34mcolcon.colcon_core.package_identification[0m [1;30mLevel 1[0m _identify(src/yolo_ros) by extension 'ignore_ament_install'
[0.096s] [34mcolcon.colcon_core.package_identification[0m [1;30mLevel 1[0m _identify(src/yolo_ros) by extensions ['colcon_pkg']
[0.096s] [34mcolcon.colcon_core.package_identification[0m [1;30mLevel 1[0m _identify(src/yolo_ros) by extension 'colcon_pkg'
[0.096s] [34mcolcon.colcon_core.package_identification[0m [1;30mLevel 1[0m _identify(src/yolo_ros) by extensions ['colcon_meta']
[0.096s] [34mcolcon.colcon_core.package_identification[0m [1;30mLevel 1[0m _identify(src/yolo_ros) by extension 'colcon_meta'
[0.096s] [34mcolcon.colcon_core.package_identification[0m [1;30mLevel 1[0m _identify(src/yolo_ros) by extensions ['ros']
[0.097s] [34mcolcon.colcon_core.package_identification[0m [1;30mLevel 1[0m _identify(src/yolo_ros) by extension 'ros'
[0.097s] [34mcolcon.colcon_core.package_identification[0m [1;30mLevel 1[0m _identify(src/yolo_ros) by extensions ['cmake', 'python']
[0.097s] [34mcolcon.colcon_core.package_identification[0m [1;30mLevel 1[0m _identify(src/yolo_ros) by extension 'cmake'
[0.097s] [34mcolcon.colcon_core.package_identification[0m [1;30mLevel 1[0m _identify(src/yolo_ros) by extension 'python'
[0.097s] [34mcolcon.colcon_core.package_identification[0m [1;30mLevel 1[0m _identify(src/yolo_ros) by extensions ['python_setup_py']
[0.097s] [34mcolcon.colcon_core.package_identification[0m [1;30mLevel 1[0m _identify(src/yolo_ros) by extension 'python_setup_py'
[0.097s] [34mcolcon.colcon_core.package_identification[0m [1;30mLevel 1[0m _identify(src/yolo_ros/docs) by extensions ['ignore', 'ignore_ament_install']
[0.097s] [34mcolcon.colcon_core.package_identification[0m [1;30mLevel 1[0m _identify(src/yolo_ros/docs) by extension 'ignore'
[0.097s] [34mcolcon.colcon_core.package_identification[0m [1;30mLevel 1[0m _identify(src/yolo_ros/docs) by extension 'ignore_ament_install'
[0.097s] [34mcolcon.colcon_core.package_identification[0m [1;30mLevel 1[0m _identify(src/yolo_ros/docs) by extensions ['colcon_pkg']
[0.097s] [34mcolcon.colcon_core.package_identification[0m [1;30mLevel 1[0m _identify(src/yolo_ros/docs) by extension 'colcon_pkg'
[0.097s] [34mcolcon.colcon_core.package_identification[0m [1;30mLevel 1[0m _identify(src/yolo_ros/docs) by extensions ['colcon_meta']
[0.097s] [34mcolcon.colcon_core.package_identification[0m [1;30mLevel 1[0m _identify(src/yolo_ros/docs) by extension 'colcon_meta'
[0.097s] [34mcolcon.colcon_core.package_identification[0m [1;30mLevel 1[0m _identify(src/yolo_ros/docs) by extensions ['ros']
[0.097s] [34mcolcon.colcon_core.package_identification[0m [1;30mLevel 1[0m _identify(src/yolo_ros/docs) by extension 'ros'
[0.097s] [34mcolcon.colcon_core.package_identification[0m [1;30mLevel 1[0m _identify(src/yolo_ros/docs) by extensions ['cmake', 'python']
[0.097s] [34mcolcon.colcon_core.package_identification[0m [1;30mLevel 1[0m _identify(src/yolo_ros/docs) by extension 'cmake'
[0.097s] [34mcolcon.colcon_core.package_identification[0m [1;30mLevel 1[0m _identify(src/yolo_ros/docs) by extension 'python'
[0.097s] [34mcolcon.colcon_core.package_identification[0m [1;30mLevel 1[0m _identify(src/yolo_ros/docs) by extensions ['python_setup_py']
[0.097s] [34mcolcon.colcon_core.package_identification[0m [1;30mLevel 1[0m _identify(src/yolo_ros/docs) by extension 'python_setup_py'
[0.097s] [34mcolcon.colcon_core.package_identification[0m [1;30mLevel 1[0m _identify(src/yolo_ros/yolo_bringup) by extensions ['ignore', 'ignore_ament_install']
[0.097s] [34mcolcon.colcon_core.package_identification[0m [1;30mLevel 1[0m _identify(src/yolo_ros/yolo_bringup) by extension 'ignore'
[0.097s] [34mcolcon.colcon_core.package_identification[0m [1;30mLevel 1[0m _identify(src/yolo_ros/yolo_bringup) by extension 'ignore_ament_install'
[0.097s] [34mcolcon.colcon_core.package_identification[0m [1;30mLevel 1[0m _identify(src/yolo_ros/yolo_bringup) by extensions ['colcon_pkg']
[0.097s] [34mcolcon.colcon_core.package_identification[0m [1;30mLevel 1[0m _identify(src/yolo_ros/yolo_bringup) by extension 'colcon_pkg'
[0.097s] [34mcolcon.colcon_core.package_identification[0m [1;30mLevel 1[0m _identify(src/yolo_ros/yolo_bringup) by extensions ['colcon_meta']
[0.097s] [34mcolcon.colcon_core.package_identification[0m [1;30mLevel 1[0m _identify(src/yolo_ros/yolo_bringup) by extension 'colcon_meta'
[0.097s] [34mcolcon.colcon_core.package_identification[0m [1;30mLevel 1[0m _identify(src/yolo_ros/yolo_bringup) by extensions ['ros']
[0.097s] [34mcolcon.colcon_core.package_identification[0m [1;30mLevel 1[0m _identify(src/yolo_ros/yolo_bringup) by extension 'ros'
[0.098s] [34mcolcon.colcon_core.package_identification[0m [1;30mDEBUG[0m [32mPackage 'src/yolo_ros/yolo_bringup' with type 'ros.ament_cmake' and name 'yolo_bringup'[0m
[0.098s] [34mcolcon.colcon_core.package_identification[0m [1;30mLevel 1[0m _identify(src/yolo_ros/yolo_msgs) by extensions ['ignore', 'ignore_ament_install']
[0.098s] [34mcolcon.colcon_core.package_identification[0m [1;30mLevel 1[0m _identify(src/yolo_ros/yolo_msgs) by extension 'ignore'
[0.098s] [34mcolcon.colcon_core.package_identification[0m [1;30mLevel 1[0m _identify(src/yolo_ros/yolo_msgs) by extension 'ignore_ament_install'
[0.098s] [34mcolcon.colcon_core.package_identification[0m [1;30mLevel 1[0m _identify(src/yolo_ros/yolo_msgs) by extensions ['colcon_pkg']
[0.098s] [34mcolcon.colcon_core.package_identification[0m [1;30mLevel 1[0m _identify(src/yolo_ros/yolo_msgs) by extension 'colcon_pkg'
[0.098s] [34mcolcon.colcon_core.package_identification[0m [1;30mLevel 1[0m _identify(src/yolo_ros/yolo_msgs) by extensions ['colcon_meta']
[0.098s] [34mcolcon.colcon_core.package_identification[0m [1;30mLevel 1[0m _identify(src/yolo_ros/yolo_msgs) by extension 'colcon_meta'
[0.098s] [34mcolcon.colcon_core.package_identification[0m [1;30mLevel 1[0m _identify(src/yolo_ros/yolo_msgs) by extensions ['ros']
[0.098s] [34mcolcon.colcon_core.package_identification[0m [1;30mLevel 1[0m _identify(src/yolo_ros/yolo_msgs) by extension 'ros'
[0.098s] [34mcolcon.colcon_core.package_identification[0m [1;30mDEBUG[0m [32mPackage 'src/yolo_ros/yolo_msgs' with type 'ros.ament_cmake' and name 'yolo_msgs'[0m
[0.098s] [34mcolcon.colcon_core.package_identification[0m [1;30mLevel 1[0m _identify(src/yolo_ros/yolo_ros) by extensions ['ignore', 'ignore_ament_install']
[0.098s] [34mcolcon.colcon_core.package_identification[0m [1;30mLevel 1[0m _identify(src/yolo_ros/yolo_ros) by extension 'ignore'
[0.098s] [34mcolcon.colcon_core.package_identification[0m [1;30mLevel 1[0m _identify(src/yolo_ros/yolo_ros) by extension 'ignore_ament_install'
[0.098s] [34mcolcon.colcon_core.package_identification[0m [1;30mLevel 1[0m _identify(src/yolo_ros/yolo_ros) by extensions ['colcon_pkg']
[0.098s] [34mcolcon.colcon_core.package_identification[0m [1;30mLevel 1[0m _identify(src/yolo_ros/yolo_ros) by extension 'colcon_pkg'
[0.098s] [34mcolcon.colcon_core.package_identification[0m [1;30mLevel 1[0m _identify(src/yolo_ros/yolo_ros) by extensions ['colcon_meta']
[0.098s] [34mcolcon.colcon_core.package_identification[0m [1;30mLevel 1[0m _identify(src/yolo_ros/yolo_ros) by extension 'colcon_meta'
[0.099s] [34mcolcon.colcon_core.package_identification[0m [1;30mLevel 1[0m _identify(src/yolo_ros/yolo_ros) by extensions ['ros']
[0.099s] [34mcolcon.colcon_core.package_identification[0m [1;30mLevel 1[0m _identify(src/yolo_ros/yolo_ros) by extension 'ros'
[0.099s] [34mcolcon.colcon_core.package_identification[0m [1;30mDEBUG[0m [32mPackage 'src/yolo_ros/yolo_ros' with type 'ros.ament_python' and name 'yolo_ros'[0m
[0.099s] [34mcolcon.colcon_core.package_discovery[0m [1;30mLevel 1[0m discover_packages(recursive) using defaults
[0.099s] [34mcolcon.colcon_core.package_discovery[0m [1;30mLevel 1[0m discover_packages(ignore) discover
[0.099s] [34mcolcon.colcon_core.package_discovery[0m [1;30mLevel 1[0m discover_packages(ignore) using defaults
[0.099s] [34mcolcon.colcon_core.package_discovery[0m [1;30mLevel 1[0m discover_packages(path) discover
[0.099s] [34mcolcon.colcon_core.package_discovery[0m [1;30mLevel 1[0m discover_packages(path) using defaults
[0.109s] [34mcolcon.colcon_core.package_discovery[0m [1;30mLevel 1[0m discover_packages(prefix_path) check parameters
[0.109s] [34mcolcon.colcon_core.package_discovery[0m [1;30mLevel 1[0m discover_packages(prefix_path) discover
[0.109s] [34mcolcon.colcon_installed_package_information.package_discovery[0m [1;30mDEBUG[0m [32mFound 4 installed packages in /home/hesam/Desktop/Repos/yolo_ros/install[0m
[0.110s] [34mcolcon.colcon_installed_package_information.package_discovery[0m [1;30mDEBUG[0m [32mFound 3 installed packages in /home/hesam/ros2_ws/install[0m
[0.111s] [34mcolcon.colcon_installed_package_information.package_discovery[0m [1;30mDEBUG[0m [32mFound 481 installed packages in /opt/ros/humble[0m
[0.112s] [34mcolcon.colcon_core.package_discovery[0m [1;30mLevel 1[0m discover_packages(prefix_path) using defaults
[0.139s] [34mcolcon.colcon_core.verb[0m [1;30mLevel 5[0m set package 'bev' build argument 'cmake_args' from command line to 'None'
[0.139s] [34mcolcon.colcon_core.verb[0m [1;30mLevel 5[0m set package 'bev' build argument 'cmake_target' from command line to 'None'
[0.139s] [34mcolcon.colcon_core.verb[0m [1;30mLevel 5[0m set package 'bev' build argument 'cmake_target_skip_unavailable' from command line to 'False'
[0.139s] [34mcolcon.colcon_core.verb[0m [1;30mLevel 5[0m set package 'bev' build argument 'cmake_clean_cache' from command line to 'False'
[0.139s] [34mcolcon.colcon_core.verb[0m [1;30mLevel 5[0m set package 'bev' build argument 'cmake_clean_first' from command line to 'False'
[0.139s] [34mcolcon.colcon_core.verb[0m [1;30mLevel 5[0m set package 'bev' build argument 'cmake_force_configure' from command line to 'False'
[0.139s] [34mcolcon.colcon_core.verb[0m [1;30mLevel 5[0m set package 'bev' build argument 'ament_cmake_args' from command line to 'None'
[0.139s] [34mcolcon.colcon_core.verb[0m [1;30mLevel 5[0m set package 'bev' build argument 'catkin_cmake_args' from command line to 'None'
[0.139s] [34mcolcon.colcon_core.verb[0m [1;30mLevel 5[0m set package 'bev' build argument 'catkin_skip_building_tests' from command line to 'False'
[0.139s] [34mcolcon.colcon_core.verb[0m [1;30mDEBUG[0m [32mBuilding package 'bev' with the following arguments: {'ament_cmake_args': None, 'build_base': '/home/hesam/Desktop/Repos/yolo_ros/build/bev', 'catkin_cmake_args': None, 'catkin_skip_building_tests': False, 'cmake_args': None, 'cmake_clean_cache': False, 'cmake_clean_first': False, 'cmake_force_configure': False, 'cmake_target': None, 'cmake_target_skip_unavailable': False, 'install_base': '/home/hesam/Desktop/Repos/yolo_ros/install/bev', 'merge_install': False, 'path': '/home/hesam/Desktop/Repos/yolo_ros/src/bev', 'symlink_install': False, 'test_result_base': None}[0m
[0.139s] [34mcolcon.colcon_core.verb[0m [1;30mLevel 5[0m set package 'yolo_msgs' build argument 'cmake_args' from command line to 'None'
[0.139s] [34mcolcon.colcon_core.verb[0m [1;30mLevel 5[0m set package 'yolo_msgs' build argument 'cmake_target' from command line to 'None'
[0.139s] [34mcolcon.colcon_core.verb[0m [1;30mLevel 5[0m set package 'yolo_msgs' build argument 'cmake_target_skip_unavailable' from command line to 'False'
[0.139s] [34mcolcon.colcon_core.verb[0m [1;30mLevel 5[0m set package 'yolo_msgs' build argument 'cmake_clean_cache' from command line to 'False'
[0.139s] [34mcolcon.colcon_core.verb[0m [1;30mLevel 5[0m set package 'yolo_msgs' build argument 'cmake_clean_first' from command line to 'False'
[0.139s] [34mcolcon.colcon_core.verb[0m [1;30mLevel 5[0m set package 'yolo_msgs' build argument 'cmake_force_configure' from command line to 'False'
[0.139s] [34mcolcon.colcon_core.verb[0m [1;30mLevel 5[0m set package 'yolo_msgs' build argument 'ament_cmake_args' from command line to 'None'
[0.139s] [34mcolcon.colcon_core.verb[0m [1;30mLevel 5[0m set package 'yolo_msgs' build argument 'catkin_cmake_args' from command line to 'None'
[0.139s] [34mcolcon.colcon_core.verb[0m [1;30mLevel 5[0m set package 'yolo_msgs' build argument 'catkin_skip_building_tests' from command line to 'False'
[0.139s] [34mcolcon.colcon_core.verb[0m [1;30mDEBUG[0m [32mBuilding package 'yolo_msgs' with the following arguments: {'ament_cmake_args': None, 'build_base': '/home/hesam/Desktop/Repos/yolo_ros/build/yolo_msgs', 'catkin_cmake_args': None, 'catkin_skip_building_tests': False, 'cmake_args': None, 'cmake_clean_cache': False, 'cmake_clean_first': False, 'cmake_force_configure': False, 'cmake_target': None, 'cmake_target_skip_unavailable': False, 'install_base': '/home/hesam/Desktop/Repos/yolo_ros/install/yolo_msgs', 'merge_install': False, 'path': '/home/hesam/Desktop/Repos/yolo_ros/src/yolo_ros/yolo_msgs', 'symlink_install': False, 'test_result_base': None}[0m
[0.139s] [34mcolcon.colcon_core.verb[0m [1;30mLevel 5[0m set package 'yolo_ros' build argument 'cmake_args' from command line to 'None'
[0.139s] [34mcolcon.colcon_core.verb[0m [1;30mLevel 5[0m set package 'yolo_ros' build argument 'cmake_target' from command line to 'None'
[0.139s] [34mcolcon.colcon_core.verb[0m [1;30mLevel 5[0m set package 'yolo_ros' build argument 'cmake_target_skip_unavailable' from command line to 'False'
[0.139s] [34mcolcon.colcon_core.verb[0m [1;30mLevel 5[0m set package 'yolo_ros' build argument 'cmake_clean_cache' from command line to 'False'
[0.139s] [34mcolcon.colcon_core.verb[0m [1;30mLevel 5[0m set package 'yolo_ros' build argument 'cmake_clean_first' from command line to 'False'
[0.139s] [34mcolcon.colcon_core.verb[0m [1;30mLevel 5[0m set package 'yolo_ros' build argument 'cmake_force_configure' from command line to 'False'
[0.139s] [34mcolcon.colcon_core.verb[0m [1;30mLevel 5[0m set package 'yolo_ros' build argument 'ament_cmake_args' from command line to 'None'
[0.139s] [34mcolcon.colcon_core.verb[0m [1;30mLevel 5[0m set package 'yolo_ros' build argument 'catkin_cmake_args' from command line to 'None'
[0.139s] [34mcolcon.colcon_core.verb[0m [1;30mLevel 5[0m set package 'yolo_ros' build argument 'catkin_skip_building_tests' from command line to 'False'
[0.139s] [34mcolcon.colcon_core.verb[0m [1;30mDEBUG[0m [32mBuilding package 'yolo_ros' with the following arguments: {'ament_cmake_args': None, 'build_base': '/home/hesam/Desktop/Repos/yolo_ros/build/yolo_ros', 'catkin_cmake_args': None, 'catkin_skip_building_tests': False, 'cmake_args': None, 'cmake_clean_cache': False, 'cmake_clean_first': False, 'cmake_force_configure': False, 'cmake_target': None, 'cmake_target_skip_unavailable': False, 'install_base': '/home/hesam/Desktop/Repos/yolo_ros/install/yolo_ros', 'merge_install': False, 'path': '/home/hesam/Desktop/Repos/yolo_ros/src/yolo_ros/yolo_ros', 'symlink_install': False, 'test_result_base': None}[0m
[0.140s] [34mcolcon.colcon_core.verb[0m [1;30mLevel 5[0m set package 'yolo_bringup' build argument 'cmake_args' from command line to 'None'
[0.140s] [34mcolcon.colcon_core.verb[0m [1;30mLevel 5[0m set package 'yolo_bringup' build argument 'cmake_target' from command line to 'None'
[0.140s] [34mcolcon.colcon_core.verb[0m [1;30mLevel 5[0m set package 'yolo_bringup' build argument 'cmake_target_skip_unavailable' from command line to 'False'
[0.140s] [34mcolcon.colcon_core.verb[0m [1;30mLevel 5[0m set package 'yolo_bringup' build argument 'cmake_clean_cache' from command line to 'False'
[0.140s] [34mcolcon.colcon_core.verb[0m [1;30mLevel 5[0m set package 'yolo_bringup' build argument 'cmake_clean_first' from command line to 'False'
[0.140s] [34mcolcon.colcon_core.verb[0m [1;30mLevel 5[0m set package 'yolo_bringup' build argument 'cmake_force_configure' from command line to 'False'
[0.140s] [34mcolcon.colcon_core.verb[0m [1;30mLevel 5[0m set package 'yolo_bringup' build argument 'ament_cmake_args' from command line to 'None'
[0.140s] [34mcolcon.colcon_core.verb[0m [1;30mLevel 5[0m set package 'yolo_bringup' build argument 'catkin_cmake_args' from command line to 'None'
[0.140s] [34mcolcon.colcon_core.verb[0m [1;30mLevel 5[0m set package 'yolo_bringup' build argument 'catkin_skip_building_tests' from command line to 'False'
[0.140s] [34mcolcon.colcon_core.verb[0m [1;30mDEBUG[0m [32mBuilding package 'yolo_bringup' with the following arguments: {'ament_cmake_args': None, 'build_base': '/home/hesam/Desktop/Repos/yolo_ros/build/yolo_bringup', 'catkin_cmake_args': None, 'catkin_skip_building_tests': False, 'cmake_args': None, 'cmake_clean_cache': False, 'cmake_clean_first': False, 'cmake_force_configure': False, 'cmake_target': None, 'cmake_target_skip_unavailable': False, 'install_base': '/home/hesam/Desktop/Repos/yolo_ros/install/yolo_bringup', 'merge_install': False, 'path': '/home/hesam/Desktop/Repos/yolo_ros/src/yolo_ros/yolo_bringup', 'symlink_install': False, 'test_result_base': None}[0m
[0.140s] [34mcolcon.colcon_core.executor[0m [1;30mINFO[0m Executing jobs using 'parallel' executor
[0.141s] [34mcolcon.colcon_parallel_executor.executor.parallel[0m [1;30mDEBUG[0m [32mrun_until_complete[0m
[0.141s] [34mcolcon.colcon_ros.task.ament_cmake.build[0m [1;30mINFO[0m Building ROS package in '/home/hesam/Desktop/Repos/yolo_ros/src/yolo_ros/yolo_msgs' with build type 'ament_cmake'
[0.141s] [34mcolcon.colcon_cmake.task.cmake.build[0m [1;30mINFO[0m Building CMake package in '/home/hesam/Desktop/Repos/yolo_ros/src/yolo_ros/yolo_msgs'
[0.143s] [34mcolcon.colcon_core.plugin_system[0m [1;30mINFO[0m Skipping extension 'colcon_core.shell.bat': Not used on non-Windows systems
[0.143s] [34mcolcon.colcon_core.shell[0m [1;30mINFO[0m Skip shell extension 'powershell' for command environment: Not usable outside of PowerShell
[0.143s] [34mcolcon.colcon_core.shell[0m [1;30mDEBUG[0m [32mSkip shell extension 'dsv' for command environment[0m
[0.152s] [34mcolcon.colcon_ros.task.ament_cmake.build[0m [1;30mINFO[0m Building ROS package in '/home/hesam/Desktop/Repos/yolo_ros/src/bev' with build type 'ament_cmake'
[0.152s] [34mcolcon.colcon_cmake.task.cmake.build[0m [1;30mINFO[0m Building CMake package in '/home/hesam/Desktop/Repos/yolo_ros/src/bev'
[0.152s] [34mcolcon.colcon_core.shell[0m [1;30mINFO[0m Skip shell extension 'powershell' for command environment: Not usable outside of PowerShell
[0.152s] [34mcolcon.colcon_core.shell[0m [1;30mDEBUG[0m [32mSkip shell extension 'dsv' for command environment[0m
[0.160s] [34mcolcon.colcon_core.event_handler.log_command[0m [1;30mDEBUG[0m [32mInvoking command in '/home/hesam/Desktop/Repos/yolo_ros/build/yolo_msgs': CMAKE_PREFIX_PATH=${CMAKE_PREFIX_PATH}:/home/hesam/Desktop/Repos/yolo_ros/install/yolo_ros:/home/hesam/ros2_ws/install/robot_localization_gazebo:/home/hesam/ros2_ws/install/kitti2rosbag2:/opt/ros/humble /usr/bin/cmake --build /home/hesam/Desktop/Repos/yolo_ros/build/yolo_msgs -- -j20 -l20[0m
[0.162s] [34mcolcon.colcon_core.event_handler.log_command[0m [1;30mDEBUG[0m [32mInvoking command in '/home/hesam/Desktop/Repos/yolo_ros/build/bev': CMAKE_PREFIX_PATH=${CMAKE_PREFIX_PATH}:/home/hesam/Desktop/Repos/yolo_ros/install/yolo_ros:/home/hesam/ros2_ws/install/robot_localization_gazebo:/home/hesam/ros2_ws/install/kitti2rosbag2:/opt/ros/humble /usr/bin/cmake --build /home/hesam/Desktop/Repos/yolo_ros/build/bev -- -j20 -l20[0m
[0.225s] [34mcolcon.colcon_core.event_handler.log_command[0m [1;30mDEBUG[0m [32mInvoked command in '/home/hesam/Desktop/Repos/yolo_ros/build/bev' returned '0': CMAKE_PREFIX_PATH=${CMAKE_PREFIX_PATH}:/home/hesam/Desktop/Repos/yolo_ros/install/yolo_ros:/home/hesam/ros2_ws/install/robot_localization_gazebo:/home/hesam/ros2_ws/install/kitti2rosbag2:/opt/ros/humble /usr/bin/cmake --build /home/hesam/Desktop/Repos/yolo_ros/build/bev -- -j20 -l20[0m
[0.267s] [34mcolcon.colcon_core.event_handler.log_command[0m [1;30mDEBUG[0m [32mInvoking command in '/home/hesam/Desktop/Repos/yolo_ros/build/bev': CMAKE_PREFIX_PATH=${CMAKE_PREFIX_PATH}:/home/hesam/Desktop/Repos/yolo_ros/install/yolo_ros:/home/hesam/ros2_ws/install/robot_localization_gazebo:/home/hesam/ros2_ws/install/kitti2rosbag2:/opt/ros/humble /usr/bin/cmake --install /home/hesam/Desktop/Repos/yolo_ros/build/bev[0m
[0.280s] [34mcolcon.colcon_core.environment[0m [1;30mLevel 1[0m create_environment_scripts_only(bev)
[0.283s] [34mcolcon.colcon_core.event_handler.log_command[0m [1;30mDEBUG[0m [32mInvoked command in '/home/hesam/Desktop/Repos/yolo_ros/build/bev' returned '0': CMAKE_PREFIX_PATH=${CMAKE_PREFIX_PATH}:/home/hesam/Desktop/Repos/yolo_ros/install/yolo_ros:/home/hesam/ros2_ws/install/robot_localization_gazebo:/home/hesam/ros2_ws/install/kitti2rosbag2:/opt/ros/humble /usr/bin/cmake --install /home/hesam/Desktop/Repos/yolo_ros/build/bev[0m
[0.285s] [34mcolcon.colcon_core.environment[0m [1;30mLevel 1[0m checking '/home/hesam/Desktop/Repos/yolo_ros/install/bev' for CMake module files
[0.286s] [34mcolcon.colcon_core.environment[0m [1;30mLevel 1[0m checking '/home/hesam/Desktop/Repos/yolo_ros/install/bev' for CMake config files
[0.286s] [34mcolcon.colcon_core.shell[0m [1;30mLevel 1[0m create_environment_hook('bev', 'cmake_prefix_path')
[0.286s] [34mcolcon.colcon_core.shell[0m [1;30mINFO[0m Creating environment hook '/home/hesam/Desktop/Repos/yolo_ros/install/bev/share/bev/hook/cmake_prefix_path.ps1'
[0.287s] [34mcolcon.colcon_core.shell[0m [1;30mINFO[0m Creating environment descriptor '/home/hesam/Desktop/Repos/yolo_ros/install/bev/share/bev/hook/cmake_prefix_path.dsv'
[0.287s] [34mcolcon.colcon_core.shell[0m [1;30mINFO[0m Creating environment hook '/home/hesam/Desktop/Repos/yolo_ros/install/bev/share/bev/hook/cmake_prefix_path.sh'
[0.288s] [34mcolcon.colcon_core.environment[0m [1;30mLevel 1[0m checking '/home/hesam/Desktop/Repos/yolo_ros/install/bev/lib'
[0.288s] [34mcolcon.colcon_core.environment[0m [1;30mLevel 1[0m checking '/home/hesam/Desktop/Repos/yolo_ros/install/bev/bin'
[0.288s] [34mcolcon.colcon_core.environment[0m [1;30mLevel 1[0m checking '/home/hesam/Desktop/Repos/yolo_ros/install/bev/lib/pkgconfig/bev.pc'
[0.289s] [34mcolcon.colcon_core.environment[0m [1;30mLevel 1[0m checking '/home/hesam/Desktop/Repos/yolo_ros/install/bev/lib/python3.10/site-packages'
[0.289s] [34mcolcon.colcon_core.environment[0m [1;30mLevel 1[0m checking '/home/hesam/Desktop/Repos/yolo_ros/install/bev/bin'
[0.289s] [34mcolcon.colcon_core.shell[0m [1;30mINFO[0m Creating package script '/home/hesam/Desktop/Repos/yolo_ros/install/bev/share/bev/package.ps1'
[0.290s] [34mcolcon.colcon_core.shell[0m [1;30mINFO[0m Creating package descriptor '/home/hesam/Desktop/Repos/yolo_ros/install/bev/share/bev/package.dsv'
[0.290s] [34mcolcon.colcon_core.shell[0m [1;30mINFO[0m Creating package script '/home/hesam/Desktop/Repos/yolo_ros/install/bev/share/bev/package.sh'
[0.291s] [34mcolcon.colcon_core.shell[0m [1;30mINFO[0m Creating package script '/home/hesam/Desktop/Repos/yolo_ros/install/bev/share/bev/package.bash'
[0.292s] [34mcolcon.colcon_core.shell[0m [1;30mINFO[0m Creating package script '/home/hesam/Desktop/Repos/yolo_ros/install/bev/share/bev/package.zsh'
[0.292s] [34mcolcon.colcon_core.environment[0m [1;30mLevel 1[0m create_file_with_runtime_dependencies(/home/hesam/Desktop/Repos/yolo_ros/install/bev/share/colcon-core/packages/bev)
[0.323s] [34mcolcon.colcon_core.environment[0m [1;30mLevel 1[0m create_environment_scripts_only(bev)
[0.324s] [34mcolcon.colcon_core.environment[0m [1;30mLevel 1[0m checking '/home/hesam/Desktop/Repos/yolo_ros/install/bev' for CMake module files
[0.325s] [34mcolcon.colcon_core.environment[0m [1;30mLevel 1[0m checking '/home/hesam/Desktop/Repos/yolo_ros/install/bev' for CMake config files
[0.325s] [34mcolcon.colcon_core.shell[0m [1;30mLevel 1[0m create_environment_hook('bev', 'cmake_prefix_path')
[0.326s] [34mcolcon.colcon_core.shell[0m [1;30mINFO[0m Creating environment hook '/home/hesam/Desktop/Repos/yolo_ros/install/bev/share/bev/hook/cmake_prefix_path.ps1'
[0.326s] [34mcolcon.colcon_core.shell[0m [1;30mINFO[0m Creating environment descriptor '/home/hesam/Desktop/Repos/yolo_ros/install/bev/share/bev/hook/cmake_prefix_path.dsv'
[0.327s] [34mcolcon.colcon_core.shell[0m [1;30mINFO[0m Creating environment hook '/home/hesam/Desktop/Repos/yolo_ros/install/bev/share/bev/hook/cmake_prefix_path.sh'
[0.328s] [34mcolcon.colcon_core.environment[0m [1;30mLevel 1[0m checking '/home/hesam/Desktop/Repos/yolo_ros/install/bev/lib'
[0.328s] [34mcolcon.colcon_core.environment[0m [1;30mLevel 1[0m checking '/home/hesam/Desktop/Repos/yolo_ros/install/bev/bin'
[0.328s] [34mcolcon.colcon_core.environment[0m [1;30mLevel 1[0m checking '/home/hesam/Desktop/Repos/yolo_ros/install/bev/lib/pkgconfig/bev.pc'
[0.329s] [34mcolcon.colcon_core.environment[0m [1;30mLevel 1[0m checking '/home/hesam/Desktop/Repos/yolo_ros/install/bev/lib/python3.10/site-packages'
[0.329s] [34mcolcon.colcon_core.environment[0m [1;30mLevel 1[0m checking '/home/hesam/Desktop/Repos/yolo_ros/install/bev/bin'
[0.330s] [34mcolcon.colcon_core.shell[0m [1;30mINFO[0m Creating package script '/home/hesam/Desktop/Repos/yolo_ros/install/bev/share/bev/package.ps1'
[0.330s] [34mcolcon.colcon_core.shell[0m [1;30mINFO[0m Creating package descriptor '/home/hesam/Desktop/Repos/yolo_ros/install/bev/share/bev/package.dsv'
[0.331s] [34mcolcon.colcon_core.shell[0m [1;30mINFO[0m Creating package script '/home/hesam/Desktop/Repos/yolo_ros/install/bev/share/bev/package.sh'
[0.332s] [34mcolcon.colcon_core.shell[0m [1;30mINFO[0m Creating package script '/home/hesam/Desktop/Repos/yolo_ros/install/bev/share/bev/package.bash'
[0.333s] [34mcolcon.colcon_core.shell[0m [1;30mINFO[0m Creating package script '/home/hesam/Desktop/Repos/yolo_ros/install/bev/share/bev/package.zsh'
[0.333s] [34mcolcon.colcon_core.environment[0m [1;30mLevel 1[0m create_file_with_runtime_dependencies(/home/hesam/Desktop/Repos/yolo_ros/install/bev/share/colcon-core/packages/bev)
[0.502s] [34mcolcon.colcon_core.event_handler.log_command[0m [1;30mDEBUG[0m [32mInvoked command in '/home/hesam/Desktop/Repos/yolo_ros/build/yolo_msgs' returned '0': CMAKE_PREFIX_PATH=${CMAKE_PREFIX_PATH}:/home/hesam/Desktop/Repos/yolo_ros/install/yolo_ros:/home/hesam/ros2_ws/install/robot_localization_gazebo:/home/hesam/ros2_ws/install/kitti2rosbag2:/opt/ros/humble /usr/bin/cmake --build /home/hesam/Desktop/Repos/yolo_ros/build/yolo_msgs -- -j20 -l20[0m
[0.802s] [34mcolcon.colcon_core.event_handler.log_command[0m [1;30mDEBUG[0m [32mInvoking command in '/home/hesam/Desktop/Repos/yolo_ros/build/yolo_msgs': CMAKE_PREFIX_PATH=${CMAKE_PREFIX_PATH}:/home/hesam/Desktop/Repos/yolo_ros/install/yolo_ros:/home/hesam/ros2_ws/install/robot_localization_gazebo:/home/hesam/ros2_ws/install/kitti2rosbag2:/opt/ros/humble /usr/bin/cmake --install /home/hesam/Desktop/Repos/yolo_ros/build/yolo_msgs[0m
[0.848s] [34mcolcon.colcon_core.environment[0m [1;30mLevel 1[0m create_environment_scripts_only(yolo_msgs)
[0.849s] [34mcolcon.colcon_core.environment[0m [1;30mLevel 1[0m checking '/home/hesam/Desktop/Repos/yolo_ros/install/yolo_msgs' for CMake module files
[0.849s] [34mcolcon.colcon_core.event_handler.log_command[0m [1;30mDEBUG[0m [32mInvoked command in '/home/hesam/Desktop/Repos/yolo_ros/build/yolo_msgs' returned '0': CMAKE_PREFIX_PATH=${CMAKE_PREFIX_PATH}:/home/hesam/Desktop/Repos/yolo_ros/install/yolo_ros:/home/hesam/ros2_ws/install/robot_localization_gazebo:/home/hesam/ros2_ws/install/kitti2rosbag2:/opt/ros/humble /usr/bin/cmake --install /home/hesam/Desktop/Repos/yolo_ros/build/yolo_msgs[0m
[0.849s] [34mcolcon.colcon_core.environment[0m [1;30mLevel 1[0m checking '/home/hesam/Desktop/Repos/yolo_ros/install/yolo_msgs' for CMake config files
[0.850s] [34mcolcon.colcon_core.shell[0m [1;30mLevel 1[0m create_environment_hook('yolo_msgs', 'cmake_prefix_path')
[0.850s] [34mcolcon.colcon_core.shell[0m [1;30mINFO[0m Creating environment hook '/home/hesam/Desktop/Repos/yolo_ros/install/yolo_msgs/share/yolo_msgs/hook/cmake_prefix_path.ps1'
[0.850s] [34mcolcon.colcon_core.shell[0m [1;30mINFO[0m Creating environment descriptor '/home/hesam/Desktop/Repos/yolo_ros/install/yolo_msgs/share/yolo_msgs/hook/cmake_prefix_path.dsv'
[0.850s] [34mcolcon.colcon_core.shell[0m [1;30mINFO[0m Creating environment hook '/home/hesam/Desktop/Repos/yolo_ros/install/yolo_msgs/share/yolo_msgs/hook/cmake_prefix_path.sh'
[0.851s] [34mcolcon.colcon_core.environment[0m [1;30mLevel 1[0m checking '/home/hesam/Desktop/Repos/yolo_ros/install/yolo_msgs/lib'
[0.851s] [34mcolcon.colcon_core.shell[0m [1;30mLevel 1[0m create_environment_hook('yolo_msgs', 'ld_library_path_lib')
[0.851s] [34mcolcon.colcon_core.shell[0m [1;30mINFO[0m Creating environment hook '/home/hesam/Desktop/Repos/yolo_ros/install/yolo_msgs/share/yolo_msgs/hook/ld_library_path_lib.ps1'
[0.851s] [34mcolcon.colcon_core.shell[0m [1;30mINFO[0m Creating environment descriptor '/home/hesam/Desktop/Repos/yolo_ros/install/yolo_msgs/share/yolo_msgs/hook/ld_library_path_lib.dsv'
[0.851s] [34mcolcon.colcon_core.shell[0m [1;30mINFO[0m Creating environment hook '/home/hesam/Desktop/Repos/yolo_ros/install/yolo_msgs/share/yolo_msgs/hook/ld_library_path_lib.sh'
[0.852s] [34mcolcon.colcon_core.environment[0m [1;30mLevel 1[0m checking '/home/hesam/Desktop/Repos/yolo_ros/install/yolo_msgs/bin'
[0.852s] [34mcolcon.colcon_core.environment[0m [1;30mLevel 1[0m checking '/home/hesam/Desktop/Repos/yolo_ros/install/yolo_msgs/lib/pkgconfig/yolo_msgs.pc'
[0.852s] [34mcolcon.colcon_core.environment[0m [1;30mLevel 1[0m checking '/home/hesam/Desktop/Repos/yolo_ros/install/yolo_msgs/lib/python3.10/site-packages'
[0.852s] [34mcolcon.colcon_core.environment[0m [1;30mLevel 1[0m checking '/home/hesam/Desktop/Repos/yolo_ros/install/yolo_msgs/bin'
[0.852s] [34mcolcon.colcon_core.shell[0m [1;30mINFO[0m Creating package script '/home/hesam/Desktop/Repos/yolo_ros/install/yolo_msgs/share/yolo_msgs/package.ps1'
[0.852s] [34mcolcon.colcon_core.shell[0m [1;30mINFO[0m Creating package descriptor '/home/hesam/Desktop/Repos/yolo_ros/install/yolo_msgs/share/yolo_msgs/package.dsv'
[0.853s] [34mcolcon.colcon_core.shell[0m [1;30mINFO[0m Creating package script '/home/hesam/Desktop/Repos/yolo_ros/install/yolo_msgs/share/yolo_msgs/package.sh'
[0.853s] [34mcolcon.colcon_core.shell[0m [1;30mINFO[0m Creating package script '/home/hesam/Desktop/Repos/yolo_ros/install/yolo_msgs/share/yolo_msgs/package.bash'
[0.853s] [34mcolcon.colcon_core.shell[0m [1;30mINFO[0m Creating package script '/home/hesam/Desktop/Repos/yolo_ros/install/yolo_msgs/share/yolo_msgs/package.zsh'
[0.853s] [34mcolcon.colcon_core.environment[0m [1;30mLevel 1[0m create_file_with_runtime_dependencies(/home/hesam/Desktop/Repos/yolo_ros/install/yolo_msgs/share/colcon-core/packages/yolo_msgs)
[1.152s] [34mcolcon.colcon_core.environment[0m [1;30mLevel 1[0m create_environment_scripts_only(yolo_msgs)
[1.153s] [34mcolcon.colcon_core.environment[0m [1;30mLevel 1[0m checking '/home/hesam/Desktop/Repos/yolo_ros/install/yolo_msgs' for CMake module files
[1.153s] [34mcolcon.colcon_core.environment[0m [1;30mLevel 1[0m checking '/home/hesam/Desktop/Repos/yolo_ros/install/yolo_msgs' for CMake config files
[1.154s] [34mcolcon.colcon_core.shell[0m [1;30mLevel 1[0m create_environment_hook('yolo_msgs', 'cmake_prefix_path')
[1.154s] [34mcolcon.colcon_core.shell[0m [1;30mINFO[0m Creating environment hook '/home/hesam/Desktop/Repos/yolo_ros/install/yolo_msgs/share/yolo_msgs/hook/cmake_prefix_path.ps1'
[1.154s] [34mcolcon.colcon_core.shell[0m [1;30mINFO[0m Creating environment descriptor '/home/hesam/Desktop/Repos/yolo_ros/install/yolo_msgs/share/yolo_msgs/hook/cmake_prefix_path.dsv'
[1.154s] [34mcolcon.colcon_core.shell[0m [1;30mINFO[0m Creating environment hook '/home/hesam/Desktop/Repos/yolo_ros/install/yolo_msgs/share/yolo_msgs/hook/cmake_prefix_path.sh'
[1.155s] [34mcolcon.colcon_core.environment[0m [1;30mLevel 1[0m checking '/home/hesam/Desktop/Repos/yolo_ros/install/yolo_msgs/lib'
[1.155s] [34mcolcon.colcon_core.shell[0m [1;30mLevel 1[0m create_environment_hook('yolo_msgs', 'ld_library_path_lib')
[1.155s] [34mcolcon.colcon_core.shell[0m [1;30mINFO[0m Creating environment hook '/home/hesam/Desktop/Repos/yolo_ros/install/yolo_msgs/share/yolo_msgs/hook/ld_library_path_lib.ps1'
[1.155s] [34mcolcon.colcon_core.shell[0m [1;30mINFO[0m Creating environment descriptor '/home/hesam/Desktop/Repos/yolo_ros/install/yolo_msgs/share/yolo_msgs/hook/ld_library_path_lib.dsv'
[1.155s] [34mcolcon.colcon_core.shell[0m [1;30mINFO[0m Creating environment hook '/home/hesam/Desktop/Repos/yolo_ros/install/yolo_msgs/share/yolo_msgs/hook/ld_library_path_lib.sh'
[1.155s] [34mcolcon.colcon_core.environment[0m [1;30mLevel 1[0m checking '/home/hesam/Desktop/Repos/yolo_ros/install/yolo_msgs/bin'
[1.155s] [34mcolcon.colcon_core.environment[0m [1;30mLevel 1[0m checking '/home/hesam/Desktop/Repos/yolo_ros/install/yolo_msgs/lib/pkgconfig/yolo_msgs.pc'
[1.156s] [34mcolcon.colcon_core.environment[0m [1;30mLevel 1[0m checking '/home/hesam/Desktop/Repos/yolo_ros/install/yolo_msgs/lib/python3.10/site-packages'
[1.156s] [34mcolcon.colcon_core.environment[0m [1;30mLevel 1[0m checking '/home/hesam/Desktop/Repos/yolo_ros/install/yolo_msgs/bin'
[1.156s] [34mcolcon.colcon_core.shell[0m [1;30mINFO[0m Creating package script '/home/hesam/Desktop/Repos/yolo_ros/install/yolo_msgs/share/yolo_msgs/package.ps1'
[1.156s] [34mcolcon.colcon_core.shell[0m [1;30mINFO[0m Creating package descriptor '/home/hesam/Desktop/Repos/yolo_ros/install/yolo_msgs/share/yolo_msgs/package.dsv'
[1.157s] [34mcolcon.colcon_core.shell[0m [1;30mINFO[0m Creating package script '/home/hesam/Desktop/Repos/yolo_ros/install/yolo_msgs/share/yolo_msgs/package.sh'
[1.157s] [34mcolcon.colcon_core.shell[0m [1;30mINFO[0m Creating package script '/home/hesam/Desktop/Repos/yolo_ros/install/yolo_msgs/share/yolo_msgs/package.bash'
[1.158s] [34mcolcon.colcon_core.shell[0m [1;30mINFO[0m Creating package script '/home/hesam/Desktop/Repos/yolo_ros/install/yolo_msgs/share/yolo_msgs/package.zsh'
[1.158s] [34mcolcon.colcon_core.environment[0m [1;30mLevel 1[0m create_file_with_runtime_dependencies(/home/hesam/Desktop/Repos/yolo_ros/install/yolo_msgs/share/colcon-core/packages/yolo_msgs)
[1.159s] [34mcolcon.colcon_ros.task.ament_python.build[0m [1;30mINFO[0m Building ROS package in '/home/hesam/Desktop/Repos/yolo_ros/src/yolo_ros/yolo_ros' with build type 'ament_python'
[1.159s] [34mcolcon.colcon_core.shell[0m [1;30mLevel 1[0m create_environment_hook('yolo_ros', 'ament_prefix_path')
[1.159s] [34mcolcon.colcon_core.shell[0m [1;30mINFO[0m Creating environment hook '/home/hesam/Desktop/Repos/yolo_ros/install/yolo_ros/share/yolo_ros/hook/ament_prefix_path.ps1'
[1.159s] [34mcolcon.colcon_core.shell[0m [1;30mINFO[0m Creating environment descriptor '/home/hesam/Desktop/Repos/yolo_ros/install/yolo_ros/share/yolo_ros/hook/ament_prefix_path.dsv'
[1.160s] [34mcolcon.colcon_core.shell[0m [1;30mINFO[0m Creating environment hook '/home/hesam/Desktop/Repos/yolo_ros/install/yolo_ros/share/yolo_ros/hook/ament_prefix_path.sh'
[1.160s] [34mcolcon.colcon_core.shell[0m [1;30mINFO[0m Skip shell extension 'powershell' for command environment: Not usable outside of PowerShell
[1.160s] [34mcolcon.colcon_core.shell[0m [1;30mDEBUG[0m [32mSkip shell extension 'dsv' for command environment[0m
[1.297s] [34mcolcon.colcon_core.task.python.build[0m [1;30mINFO[0m Building Python package in '/home/hesam/Desktop/Repos/yolo_ros/src/yolo_ros/yolo_ros'
[1.298s] [34mcolcon.colcon_core.shell[0m [1;30mINFO[0m Skip shell extension 'powershell' for command environment: Not usable outside of PowerShell
[1.298s] [34mcolcon.colcon_core.shell[0m [1;30mDEBUG[0m [32mSkip shell extension 'dsv' for command environment[0m
[1.630s] [34mcolcon.colcon_core.event_handler.log_command[0m [1;30mDEBUG[0m [32mInvoking command in '/home/hesam/Desktop/Repos/yolo_ros/src/yolo_ros/yolo_ros': CMAKE_PREFIX_PATH=/home/hesam/Desktop/Repos/yolo_ros/install/yolo_msgs:/home/hesam/Desktop/Repos/yolo_ros/install/yolo_bringup:/home/hesam/Desktop/Repos/yolo_ros/install/bev LD_LIBRARY_PATH=/home/hesam/Desktop/Repos/yolo_ros/install/yolo_msgs/lib:/usr/local/lib:/usr/local/cuda-11.8/lib64:/opt/ros/humble/opt/rviz_ogre_vendor/lib:/opt/ros/humble/lib/x86_64-linux-gnu:/opt/ros/humble/lib:/usr/lib/x86_64-linux-gnu/gazebo-11/plugins PYTHONPATH=/home/hesam/Desktop/Repos/yolo_ros/build/yolo_ros/prefix_override:/home/hesam/Desktop/Repos/yolo_ros/install/yolo_ros/lib/python3.10/site-packages:${PYTHONPATH} /usr/bin/python3 -W ignore:setup.py install is deprecated setup.py egg_info --egg-base ../../../build/yolo_ros build --build-base /home/hesam/Desktop/Repos/yolo_ros/build/yolo_ros/build install --record /home/hesam/Desktop/Repos/yolo_ros/build/yolo_ros/install.log --single-version-externally-managed install_data[0m
[2.006s] [34mcolcon.colcon_core.environment[0m [1;30mLevel 1[0m checking '/home/hesam/Desktop/Repos/yolo_ros/install/yolo_ros' for CMake module files
[2.007s] [34mcolcon.colcon_core.event_handler.log_command[0m [1;30mDEBUG[0m [32mInvoked command in '/home/hesam/Desktop/Repos/yolo_ros/src/yolo_ros/yolo_ros' returned '0': CMAKE_PREFIX_PATH=/home/hesam/Desktop/Repos/yolo_ros/install/yolo_msgs:/home/hesam/Desktop/Repos/yolo_ros/install/yolo_bringup:/home/hesam/Desktop/Repos/yolo_ros/install/bev LD_LIBRARY_PATH=/home/hesam/Desktop/Repos/yolo_ros/install/yolo_msgs/lib:/usr/local/lib:/usr/local/cuda-11.8/lib64:/opt/ros/humble/opt/rviz_ogre_vendor/lib:/opt/ros/humble/lib/x86_64-linux-gnu:/opt/ros/humble/lib:/usr/lib/x86_64-linux-gnu/gazebo-11/plugins PYTHONPATH=/home/hesam/Desktop/Repos/yolo_ros/build/yolo_ros/prefix_override:/home/hesam/Desktop/Repos/yolo_ros/install/yolo_ros/lib/python3.10/site-packages:${PYTHONPATH} /usr/bin/python3 -W ignore:setup.py install is deprecated setup.py egg_info --egg-base ../../../build/yolo_ros build --build-base /home/hesam/Desktop/Repos/yolo_ros/build/yolo_ros/build install --record /home/hesam/Desktop/Repos/yolo_ros/build/yolo_ros/install.log --single-version-externally-managed install_data[0m
[2.008s] [34mcolcon.colcon_core.environment[0m [1;30mLevel 1[0m checking '/home/hesam/Desktop/Repos/yolo_ros/install/yolo_ros' for CMake config files
[2.008s] [34mcolcon.colcon_core.environment[0m [1;30mLevel 1[0m checking '/home/hesam/Desktop/Repos/yolo_ros/install/yolo_ros/lib'
[2.008s] [34mcolcon.colcon_core.environment[0m [1;30mLevel 1[0m checking '/home/hesam/Desktop/Repos/yolo_ros/install/yolo_ros/bin'
[2.008s] [34mcolcon.colcon_core.environment[0m [1;30mLevel 1[0m checking '/home/hesam/Desktop/Repos/yolo_ros/install/yolo_ros/lib/pkgconfig/yolo_ros.pc'
[2.009s] [34mcolcon.colcon_core.environment[0m [1;30mLevel 1[0m checking '/home/hesam/Desktop/Repos/yolo_ros/install/yolo_ros/lib/python3.10/site-packages'
[2.009s] [34mcolcon.colcon_core.shell[0m [1;30mLevel 1[0m create_environment_hook('yolo_ros', 'pythonpath')
[2.009s] [34mcolcon.colcon_core.shell[0m [1;30mINFO[0m Creating environment hook '/home/hesam/Desktop/Repos/yolo_ros/install/yolo_ros/share/yolo_ros/hook/pythonpath.ps1'
[2.009s] [34mcolcon.colcon_core.shell[0m [1;30mINFO[0m Creating environment descriptor '/home/hesam/Desktop/Repos/yolo_ros/install/yolo_ros/share/yolo_ros/hook/pythonpath.dsv'
[2.010s] [34mcolcon.colcon_core.shell[0m [1;30mINFO[0m Creating environment hook '/home/hesam/Desktop/Repos/yolo_ros/install/yolo_ros/share/yolo_ros/hook/pythonpath.sh'
[2.010s] [34mcolcon.colcon_core.environment[0m [1;30mLevel 1[0m checking '/home/hesam/Desktop/Repos/yolo_ros/install/yolo_ros/bin'
[2.010s] [34mcolcon.colcon_core.environment[0m [1;30mLevel 1[0m create_environment_scripts_only(yolo_ros)
[2.011s] [34mcolcon.colcon_core.shell[0m [1;30mINFO[0m Creating package script '/home/hesam/Desktop/Repos/yolo_ros/install/yolo_ros/share/yolo_ros/package.ps1'
[2.011s] [34mcolcon.colcon_core.shell[0m [1;30mINFO[0m Creating package descriptor '/home/hesam/Desktop/Repos/yolo_ros/install/yolo_ros/share/yolo_ros/package.dsv'
[2.012s] [34mcolcon.colcon_core.shell[0m [1;30mINFO[0m Creating package script '/home/hesam/Desktop/Repos/yolo_ros/install/yolo_ros/share/yolo_ros/package.sh'
[2.012s] [34mcolcon.colcon_core.shell[0m [1;30mINFO[0m Creating package script '/home/hesam/Desktop/Repos/yolo_ros/install/yolo_ros/share/yolo_ros/package.bash'
[2.012s] [34mcolcon.colcon_core.shell[0m [1;30mINFO[0m Creating package script '/home/hesam/Desktop/Repos/yolo_ros/install/yolo_ros/share/yolo_ros/package.zsh'
[2.012s] [34mcolcon.colcon_core.environment[0m [1;30mLevel 1[0m create_file_with_runtime_dependencies(/home/hesam/Desktop/Repos/yolo_ros/install/yolo_ros/share/colcon-core/packages/yolo_ros)
[2.013s] [34mcolcon.colcon_ros.task.ament_cmake.build[0m [1;30mINFO[0m Building ROS package in '/home/hesam/Desktop/Repos/yolo_ros/src/yolo_ros/yolo_bringup' with build type 'ament_cmake'
[2.013s] [34mcolcon.colcon_cmake.task.cmake.build[0m [1;30mINFO[0m Building CMake package in '/home/hesam/Desktop/Repos/yolo_ros/src/yolo_ros/yolo_bringup'
[2.013s] [34mcolcon.colcon_core.shell[0m [1;30mINFO[0m Skip shell extension 'powershell' for command environment: Not usable outside of PowerShell
[2.013s] [34mcolcon.colcon_core.shell[0m [1;30mDEBUG[0m [32mSkip shell extension 'dsv' for command environment[0m
[2.024s] [34mcolcon.colcon_core.event_handler.log_command[0m [1;30mDEBUG[0m [32mInvoking command in '/home/hesam/Desktop/Repos/yolo_ros/build/yolo_bringup': AMENT_PREFIX_PATH=/home/hesam/Desktop/Repos/yolo_ros/install/yolo_ros:/home/hesam/Desktop/Repos/yolo_ros/install/yolo_bringup:/home/hesam/Desktop/Repos/yolo_ros/install/yolo_msgs:/home/hesam/Desktop/Repos/yolo_ros/install/bev:/home/hesam/ros2_ws/install/robot_localization_gazebo:/home/hesam/ros2_ws/install/kitti2rosbag2:/opt/ros/humble CMAKE_PREFIX_PATH=/home/hesam/Desktop/Repos/yolo_ros/install/yolo_msgs:/home/hesam/Desktop/Repos/yolo_ros/install/yolo_bringup:/home/hesam/Desktop/Repos/yolo_ros/install/bev:/home/hesam/Desktop/Repos/yolo_ros/install/yolo_ros:/home/hesam/ros2_ws/install/robot_localization_gazebo:/home/hesam/ros2_ws/install/kitti2rosbag2:/opt/ros/humble LD_LIBRARY_PATH=/home/hesam/Desktop/Repos/yolo_ros/install/yolo_msgs/lib:/usr/local/lib:/usr/local/cuda-11.8/lib64:/opt/ros/humble/opt/rviz_ogre_vendor/lib:/opt/ros/humble/lib/x86_64-linux-gnu:/opt/ros/humble/lib:/usr/lib/x86_64-linux-gnu/gazebo-11/plugins /usr/bin/cmake --build /home/hesam/Desktop/Repos/yolo_ros/build/yolo_bringup -- -j20 -l20[0m
[2.060s] [34mcolcon.colcon_core.event_handler.log_command[0m [1;30mDEBUG[0m [32mInvoked command in '/home/hesam/Desktop/Repos/yolo_ros/build/yolo_bringup' returned '0': AMENT_PREFIX_PATH=/home/hesam/Desktop/Repos/yolo_ros/install/yolo_ros:/home/hesam/Desktop/Repos/yolo_ros/install/yolo_bringup:/home/hesam/Desktop/Repos/yolo_ros/install/yolo_msgs:/home/hesam/Desktop/Repos/yolo_ros/install/bev:/home/hesam/ros2_ws/install/robot_localization_gazebo:/home/hesam/ros2_ws/install/kitti2rosbag2:/opt/ros/humble CMAKE_PREFIX_PATH=/home/hesam/Desktop/Repos/yolo_ros/install/yolo_msgs:/home/hesam/Desktop/Repos/yolo_ros/install/yolo_bringup:/home/hesam/Desktop/Repos/yolo_ros/install/bev:/home/hesam/Desktop/Repos/yolo_ros/install/yolo_ros:/home/hesam/ros2_ws/install/robot_localization_gazebo:/home/hesam/ros2_ws/install/kitti2rosbag2:/opt/ros/humble LD_LIBRARY_PATH=/home/hesam/Desktop/Repos/yolo_ros/install/yolo_msgs/lib:/usr/local/lib:/usr/local/cuda-11.8/lib64:/opt/ros/humble/opt/rviz_ogre_vendor/lib:/opt/ros/humble/lib/x86_64-linux-gnu:/opt/ros/humble/lib:/usr/lib/x86_64-linux-gnu/gazebo-11/plugins /usr/bin/cmake --build /home/hesam/Desktop/Repos/yolo_ros/build/yolo_bringup -- -j20 -l20[0m
[2.083s] [34mcolcon.colcon_core.event_handler.log_command[0m [1;30mDEBUG[0m [32mInvoking command in '/home/hesam/Desktop/Repos/yolo_ros/build/yolo_bringup': AMENT_PREFIX_PATH=/home/hesam/Desktop/Repos/yolo_ros/install/yolo_ros:/home/hesam/Desktop/Repos/yolo_ros/install/yolo_bringup:/home/hesam/Desktop/Repos/yolo_ros/install/yolo_msgs:/home/hesam/Desktop/Repos/yolo_ros/install/bev:/home/hesam/ros2_ws/install/robot_localization_gazebo:/home/hesam/ros2_ws/install/kitti2rosbag2:/opt/ros/humble CMAKE_PREFIX_PATH=/home/hesam/Desktop/Repos/yolo_ros/install/yolo_msgs:/home/hesam/Desktop/Repos/yolo_ros/install/yolo_bringup:/home/hesam/Desktop/Repos/yolo_ros/install/bev:/home/hesam/Desktop/Repos/yolo_ros/install/yolo_ros:/home/hesam/ros2_ws/install/robot_localization_gazebo:/home/hesam/ros2_ws/install/kitti2rosbag2:/opt/ros/humble LD_LIBRARY_PATH=/home/hesam/Desktop/Repos/yolo_ros/install/yolo_msgs/lib:/usr/local/lib:/usr/local/cuda-11.8/lib64:/opt/ros/humble/opt/rviz_ogre_vendor/lib:/opt/ros/humble/lib/x86_64-linux-gnu:/opt/ros/humble/lib:/usr/lib/x86_64-linux-gnu/gazebo-11/plugins /usr/bin/cmake --install /home/hesam/Desktop/Repos/yolo_ros/build/yolo_bringup[0m
[2.092s] [34mcolcon.colcon_core.environment[0m [1;30mLevel 1[0m create_environment_scripts_only(yolo_bringup)
[2.093s] [34mcolcon.colcon_core.environment[0m [1;30mLevel 1[0m checking '/home/hesam/Desktop/Repos/yolo_ros/install/yolo_bringup' for CMake module files
[2.093s] [34mcolcon.colcon_core.event_handler.log_command[0m [1;30mDEBUG[0m [32mInvoked command in '/home/hesam/Desktop/Repos/yolo_ros/build/yolo_bringup' returned '0': AMENT_PREFIX_PATH=/home/hesam/Desktop/Repos/yolo_ros/install/yolo_ros:/home/hesam/Desktop/Repos/yolo_ros/install/yolo_bringup:/home/hesam/Desktop/Repos/yolo_ros/install/yolo_msgs:/home/hesam/Desktop/Repos/yolo_ros/install/bev:/home/hesam/ros2_ws/install/robot_localization_gazebo:/home/hesam/ros2_ws/install/kitti2rosbag2:/opt/ros/humble CMAKE_PREFIX_PATH=/home/hesam/Desktop/Repos/yolo_ros/install/yolo_msgs:/home/hesam/Desktop/Repos/yolo_ros/install/yolo_bringup:/home/hesam/Desktop/Repos/yolo_ros/install/bev:/home/hesam/Desktop/Repos/yolo_ros/install/yolo_ros:/home/hesam/ros2_ws/install/robot_localization_gazebo:/home/hesam/ros2_ws/install/kitti2rosbag2:/opt/ros/humble LD_LIBRARY_PATH=/home/hesam/Desktop/Repos/yolo_ros/install/yolo_msgs/lib:/usr/local/lib:/usr/local/cuda-11.8/lib64:/opt/ros/humble/opt/rviz_ogre_vendor/lib:/opt/ros/humble/lib/x86_64-linux-gnu:/opt/ros/humble/lib:/usr/lib/x86_64-linux-gnu/gazebo-11/plugins /usr/bin/cmake --install /home/hesam/Desktop/Repos/yolo_ros/build/yolo_bringup[0m
[2.093s] [34mcolcon.colcon_core.environment[0m [1;30mLevel 1[0m checking '/home/hesam/Desktop/Repos/yolo_ros/install/yolo_bringup' for CMake config files
[2.093s] [34mcolcon.colcon_core.shell[0m [1;30mLevel 1[0m create_environment_hook('yolo_bringup', 'cmake_prefix_path')
[2.093s] [34mcolcon.colcon_core.shell[0m [1;30mINFO[0m Creating environment hook '/home/hesam/Desktop/Repos/yolo_ros/install/yolo_bringup/share/yolo_bringup/hook/cmake_prefix_path.ps1'
[2.094s] [34mcolcon.colcon_core.shell[0m [1;30mINFO[0m Creating environment descriptor '/home/hesam/Desktop/Repos/yolo_ros/install/yolo_bringup/share/yolo_bringup/hook/cmake_prefix_path.dsv'
[2.094s] [34mcolcon.colcon_core.shell[0m [1;30mINFO[0m Creating environment hook '/home/hesam/Desktop/Repos/yolo_ros/install/yolo_bringup/share/yolo_bringup/hook/cmake_prefix_path.sh'
[2.094s] [34mcolcon.colcon_core.environment[0m [1;30mLevel 1[0m checking '/home/hesam/Desktop/Repos/yolo_ros/install/yolo_bringup/bin'
[2.094s] [34mcolcon.colcon_core.environment[0m [1;30mLevel 1[0m checking '/home/hesam/Desktop/Repos/yolo_ros/install/yolo_bringup/lib/pkgconfig/yolo_bringup.pc'
[2.094s] [34mcolcon.colcon_core.environment[0m [1;30mLevel 1[0m checking '/home/hesam/Desktop/Repos/yolo_ros/install/yolo_bringup/lib/python3.10/site-packages'
[2.094s] [34mcolcon.colcon_core.environment[0m [1;30mLevel 1[0m checking '/home/hesam/Desktop/Repos/yolo_ros/install/yolo_bringup/bin'
[2.095s] [34mcolcon.colcon_core.shell[0m [1;30mINFO[0m Creating package script '/home/hesam/Desktop/Repos/yolo_ros/install/yolo_bringup/share/yolo_bringup/package.ps1'
[2.095s] [34mcolcon.colcon_core.shell[0m [1;30mINFO[0m Creating package descriptor '/home/hesam/Desktop/Repos/yolo_ros/install/yolo_bringup/share/yolo_bringup/package.dsv'
[2.095s] [34mcolcon.colcon_core.shell[0m [1;30mINFO[0m Creating package script '/home/hesam/Desktop/Repos/yolo_ros/install/yolo_bringup/share/yolo_bringup/package.sh'
[2.095s] [34mcolcon.colcon_core.shell[0m [1;30mINFO[0m Creating package script '/home/hesam/Desktop/Repos/yolo_ros/install/yolo_bringup/share/yolo_bringup/package.bash'
[2.096s] [34mcolcon.colcon_core.shell[0m [1;30mINFO[0m Creating package script '/home/hesam/Desktop/Repos/yolo_ros/install/yolo_bringup/share/yolo_bringup/package.zsh'
[2.096s] [34mcolcon.colcon_core.environment[0m [1;30mLevel 1[0m create_file_with_runtime_dependencies(/home/hesam/Desktop/Repos/yolo_ros/install/yolo_bringup/share/colcon-core/packages/yolo_bringup)
[2.117s] [34mcolcon.colcon_core.environment[0m [1;30mLevel 1[0m create_environment_scripts_only(yolo_bringup)
[2.118s] [34mcolcon.colcon_core.environment[0m [1;30mLevel 1[0m checking '/home/hesam/Desktop/Repos/yolo_ros/install/yolo_bringup' for CMake module files
[2.118s] [34mcolcon.colcon_core.environment[0m [1;30mLevel 1[0m checking '/home/hesam/Desktop/Repos/yolo_ros/install/yolo_bringup' for CMake config files
[2.118s] [34mcolcon.colcon_core.shell[0m [1;30mLevel 1[0m create_environment_hook('yolo_bringup', 'cmake_prefix_path')
[2.118s] [34mcolcon.colcon_core.shell[0m [1;30mINFO[0m Creating environment hook '/home/hesam/Desktop/Repos/yolo_ros/install/yolo_bringup/share/yolo_bringup/hook/cmake_prefix_path.ps1'
[2.119s] [34mcolcon.colcon_core.shell[0m [1;30mINFO[0m Creating environment descriptor '/home/hesam/Desktop/Repos/yolo_ros/install/yolo_bringup/share/yolo_bringup/hook/cmake_prefix_path.dsv'
[2.120s] [34mcolcon.colcon_core.shell[0m [1;30mINFO[0m Creating environment hook '/home/hesam/Desktop/Repos/yolo_ros/install/yolo_bringup/share/yolo_bringup/hook/cmake_prefix_path.sh'
[2.121s] [34mcolcon.colcon_core.environment[0m [1;30mLevel 1[0m checking '/home/hesam/Desktop/Repos/yolo_ros/install/yolo_bringup/bin'
[2.121s] [34mcolcon.colcon_core.environment[0m [1;30mLevel 1[0m checking '/home/hesam/Desktop/Repos/yolo_ros/install/yolo_bringup/lib/pkgconfig/yolo_bringup.pc'
[2.121s] [34mcolcon.colcon_core.environment[0m [1;30mLevel 1[0m checking '/home/hesam/Desktop/Repos/yolo_ros/install/yolo_bringup/lib/python3.10/site-packages'
[2.121s] [34mcolcon.colcon_core.environment[0m [1;30mLevel 1[0m checking '/home/hesam/Desktop/Repos/yolo_ros/install/yolo_bringup/bin'
[2.121s] [34mcolcon.colcon_core.shell[0m [1;30mINFO[0m Creating package script '/home/hesam/Desktop/Repos/yolo_ros/install/yolo_bringup/share/yolo_bringup/package.ps1'
[2.122s] [34mcolcon.colcon_core.shell[0m [1;30mINFO[0m Creating package descriptor '/home/hesam/Desktop/Repos/yolo_ros/install/yolo_bringup/share/yolo_bringup/package.dsv'
[2.122s] [34mcolcon.colcon_core.shell[0m [1;30mINFO[0m Creating package script '/home/hesam/Desktop/Repos/yolo_ros/install/yolo_bringup/share/yolo_bringup/package.sh'
[2.122s] [34mcolcon.colcon_core.shell[0m [1;30mINFO[0m Creating package script '/home/hesam/Desktop/Repos/yolo_ros/install/yolo_bringup/share/yolo_bringup/package.bash'
[2.123s] [34mcolcon.colcon_core.shell[0m [1;30mINFO[0m Creating package script '/home/hesam/Desktop/Repos/yolo_ros/install/yolo_bringup/share/yolo_bringup/package.zsh'
[2.123s] [34mcolcon.colcon_core.environment[0m [1;30mLevel 1[0m create_file_with_runtime_dependencies(/home/hesam/Desktop/Repos/yolo_ros/install/yolo_bringup/share/colcon-core/packages/yolo_bringup)
[2.123s] [34mcolcon.colcon_parallel_executor.executor.parallel[0m [1;30mDEBUG[0m [32mclosing loop[0m
[2.123s] [34mcolcon.colcon_parallel_executor.executor.parallel[0m [1;30mDEBUG[0m [32mloop closed[0m
[2.123s] [34mcolcon.colcon_parallel_executor.executor.parallel[0m [1;30mDEBUG[0m [32mrun_until_complete finished with '0'[0m
[2.123s] [34mcolcon.colcon_core.event_reactor[0m [1;30mDEBUG[0m [32mjoining thread[0m
[2.127s] [34mcolcon.colcon_core.plugin_system[0m [1;30mINFO[0m Skipping extension 'colcon_notification.desktop_notification.terminal_notifier': Not used on non-Darwin systems
[2.128s] [34mcolcon.colcon_core.plugin_system[0m [1;30mINFO[0m Skipping extension 'colcon_notification.desktop_notification.win32': Not used on non-Windows systems
[2.128s] [34mcolcon.colcon_notification.desktop_notification[0m [1;30mINFO[0m Sending desktop notification using 'notify2'
[2.139s] [34mcolcon.colcon_core.event_reactor[0m [1;30mDEBUG[0m [32mjoined thread[0m
[2.139s] [34mcolcon.colcon_core.shell[0m [1;30mINFO[0m Creating prefix script '/home/hesam/Desktop/Repos/yolo_ros/install/local_setup.ps1'
[2.140s] [34mcolcon.colcon_core.shell[0m [1;30mINFO[0m Creating prefix util module '/home/hesam/Desktop/Repos/yolo_ros/install/_local_setup_util_ps1.py'
[2.141s] [34mcolcon.colcon_core.shell[0m [1;30mINFO[0m Creating prefix chain script '/home/hesam/Desktop/Repos/yolo_ros/install/setup.ps1'
[2.142s] [34mcolcon.colcon_core.shell[0m [1;30mINFO[0m Creating prefix script '/home/hesam/Desktop/Repos/yolo_ros/install/local_setup.sh'
[2.143s] [34mcolcon.colcon_core.shell[0m [1;30mINFO[0m Creating prefix util module '/home/hesam/Desktop/Repos/yolo_ros/install/_local_setup_util_sh.py'
[2.143s] [34mcolcon.colcon_core.shell[0m [1;30mINFO[0m Creating prefix chain script '/home/hesam/Desktop/Repos/yolo_ros/install/setup.sh'
[2.144s] [34mcolcon.colcon_core.shell[0m [1;30mINFO[0m Creating prefix script '/home/hesam/Desktop/Repos/yolo_ros/install/local_setup.bash'
[2.144s] [34mcolcon.colcon_core.shell[0m [1;30mINFO[0m Creating prefix chain script '/home/hesam/Desktop/Repos/yolo_ros/install/setup.bash'
[2.145s] [34mcolcon.colcon_core.shell[0m [1;30mINFO[0m Creating prefix script '/home/hesam/Desktop/Repos/yolo_ros/install/local_setup.zsh'
[2.146s] [34mcolcon.colcon_core.shell[0m [1;30mINFO[0m Creating prefix chain script '/home/hesam/Desktop/Repos/yolo_ros/install/setup.zsh'
