[0.009s] Invoking command in '/home/hesam/Desktop/Repos/yolo_ros/build/bev': CMAKE_PREFIX_PATH=${CMAKE_PREFIX_PATH}:/home/hesam/Desktop/Repos/yolo_ros/install/yolo_ros:/home/hesam/ros2_ws/install/robot_localization_gazebo:/home/hesam/ros2_ws/install/kitti2rosbag2:/opt/ros/humble /usr/bin/cmake --build /home/hesam/Desktop/Repos/yolo_ros/build/bev -- -j20 -l20
[0.073s] [100%] Built target bev_node
[0.090s] Invoked command in '/home/hesam/Desktop/Repos/yolo_ros/build/bev' returned '0': CMAKE_PREFIX_PATH=${CMAKE_PREFIX_PATH}:/home/hesam/Desktop/Repos/yolo_ros/install/yolo_ros:/home/hesam/ros2_ws/install/robot_localization_gazebo:/home/hesam/ros2_ws/install/kitti2rosbag2:/opt/ros/humble /usr/bin/cmake --build /home/hesam/Desktop/Repos/yolo_ros/build/bev -- -j20 -l20
[0.132s] Invoking command in '/home/hesam/Desktop/Repos/yolo_ros/build/bev': CMAKE_PREFIX_PATH=${CMAKE_PREFIX_PATH}:/home/hesam/Desktop/Repos/yolo_ros/install/yolo_ros:/home/hesam/ros2_ws/install/robot_localization_gazebo:/home/hesam/ros2_ws/install/kitti2rosbag2:/opt/ros/humble /usr/bin/cmake --install /home/hesam/Desktop/Repos/yolo_ros/build/bev
[0.142s] -- Install configuration: ""
[0.143s] -- Up-to-date: /home/hesam/Desktop/Repos/yolo_ros/install/bev/lib/bev/bev_node
[0.143s] -- Up-to-date: /home/hesam/Desktop/Repos/yolo_ros/install/bev/share/bev/launch
[0.143s] -- Up-to-date: /home/hesam/Desktop/Repos/yolo_ros/install/bev/share/bev/launch/run.launch.py
[0.143s] -- Up-to-date: /home/hesam/Desktop/Repos/yolo_ros/install/bev/share/bev/cfg
[0.143s] -- Installing: /home/hesam/Desktop/Repos/yolo_ros/install/bev/share/bev/cfg/cfg.yaml
[0.143s] -- Up-to-date: /home/hesam/Desktop/Repos/yolo_ros/install/bev/share/ament_index/resource_index/package_run_dependencies/bev
[0.143s] -- Up-to-date: /home/hesam/Desktop/Repos/yolo_ros/install/bev/share/ament_index/resource_index/parent_prefix_path/bev
[0.143s] -- Up-to-date: /home/hesam/Desktop/Repos/yolo_ros/install/bev/share/bev/environment/ament_prefix_path.sh
[0.143s] -- Up-to-date: /home/hesam/Desktop/Repos/yolo_ros/install/bev/share/bev/environment/ament_prefix_path.dsv
[0.143s] -- Up-to-date: /home/hesam/Desktop/Repos/yolo_ros/install/bev/share/bev/environment/path.sh
[0.143s] -- Up-to-date: /home/hesam/Desktop/Repos/yolo_ros/install/bev/share/bev/environment/path.dsv
[0.144s] -- Up-to-date: /home/hesam/Desktop/Repos/yolo_ros/install/bev/share/bev/local_setup.bash
[0.144s] -- Up-to-date: /home/hesam/Desktop/Repos/yolo_ros/install/bev/share/bev/local_setup.sh
[0.144s] -- Up-to-date: /home/hesam/Desktop/Repos/yolo_ros/install/bev/share/bev/local_setup.zsh
[0.144s] -- Up-to-date: /home/hesam/Desktop/Repos/yolo_ros/install/bev/share/bev/local_setup.dsv
[0.144s] -- Installing: /home/hesam/Desktop/Repos/yolo_ros/install/bev/share/bev/package.dsv
[0.145s] -- Up-to-date: /home/hesam/Desktop/Repos/yolo_ros/install/bev/share/ament_index/resource_index/packages/bev
[0.145s] -- Up-to-date: /home/hesam/Desktop/Repos/yolo_ros/install/bev/share/bev/cmake/ament_cmake_export_include_directories-extras.cmake
[0.145s] -- Up-to-date: /home/hesam/Desktop/Repos/yolo_ros/install/bev/share/bev/cmake/ament_cmake_export_dependencies-extras.cmake
[0.145s] -- Up-to-date: /home/hesam/Desktop/Repos/yolo_ros/install/bev/share/bev/cmake/bevConfig.cmake
[0.145s] -- Up-to-date: /home/hesam/Desktop/Repos/yolo_ros/install/bev/share/bev/cmake/bevConfig-version.cmake
[0.145s] -- Up-to-date: /home/hesam/Desktop/Repos/yolo_ros/install/bev/share/bev/package.xml
[0.146s] Invoked command in '/home/hesam/Desktop/Repos/yolo_ros/build/bev' returned '0': CMAKE_PREFIX_PATH=${CMAKE_PREFIX_PATH}:/home/hesam/Desktop/Repos/yolo_ros/install/yolo_ros:/home/hesam/ros2_ws/install/robot_localization_gazebo:/home/hesam/ros2_ws/install/kitti2rosbag2:/opt/ros/humble /usr/bin/cmake --install /home/hesam/Desktop/Repos/yolo_ros/build/bev
