[0.010s] Invoking command in '/home/hesam/Desktop/Repos/yolo_ros/build/bev': CMAKE_PREFIX_PATH=${CMAKE_PREFIX_PATH}:/home/hesam/Desktop/Repos/yolo_ros/install/yolo_ros:/home/hesam/ros2_ws/install/robot_localization_gazebo:/home/hesam/ros2_ws/install/kitti2rosbag2:/opt/ros/humble /usr/bin/cmake --build /home/hesam/Desktop/Repos/yolo_ros/build/bev -- -j20 -l20
[0.048s] [35m[1mConsolidate compiler generated dependencies of target bev_node[0m
[0.065s] [ 33%] [32mBuilding CXX object CMakeFiles/bev_node.dir/src/bev_node.cpp.o[0m
[7.399s] [ 66%] [32m[1mLinking CXX executable bev_node[0m
[7.656s] /usr/bin/ld: warning: libopencv_imgproc.so.4.5d, needed by /opt/ros/humble/lib/libcv_bridge.so, may conflict with libopencv_imgproc.so.408
[7.657s] /usr/bin/ld: warning: libopencv_core.so.4.5d, needed by /opt/ros/humble/lib/libcv_bridge.so, may conflict with libopencv_core.so.408
[8.025s] [100%] Built target bev_node
[8.036s] Invoked command in '/home/hesam/Desktop/Repos/yolo_ros/build/bev' returned '0': CMAKE_PREFIX_PATH=${CMAKE_PREFIX_PATH}:/home/hesam/Desktop/Repos/yolo_ros/install/yolo_ros:/home/hesam/ros2_ws/install/robot_localization_gazebo:/home/hesam/ros2_ws/install/kitti2rosbag2:/opt/ros/humble /usr/bin/cmake --build /home/hesam/Desktop/Repos/yolo_ros/build/bev -- -j20 -l20
[8.059s] Invoking command in '/home/hesam/Desktop/Repos/yolo_ros/build/bev': CMAKE_PREFIX_PATH=${CMAKE_PREFIX_PATH}:/home/hesam/Desktop/Repos/yolo_ros/install/yolo_ros:/home/hesam/ros2_ws/install/robot_localization_gazebo:/home/hesam/ros2_ws/install/kitti2rosbag2:/opt/ros/humble /usr/bin/cmake --install /home/hesam/Desktop/Repos/yolo_ros/build/bev
[8.067s] -- Install configuration: ""
[8.067s] -- Installing: /home/hesam/Desktop/Repos/yolo_ros/install/bev/lib/bev/bev_node
[8.070s] -- Set runtime path of "/home/hesam/Desktop/Repos/yolo_ros/install/bev/lib/bev/bev_node" to ""
[8.070s] -- Up-to-date: /home/hesam/Desktop/Repos/yolo_ros/install/bev/share/bev/launch
[8.070s] -- Up-to-date: /home/hesam/Desktop/Repos/yolo_ros/install/bev/share/bev/launch/run.launch.py
[8.070s] -- Up-to-date: /home/hesam/Desktop/Repos/yolo_ros/install/bev/share/bev/cfg
[8.070s] -- Up-to-date: /home/hesam/Desktop/Repos/yolo_ros/install/bev/share/bev/cfg/cfg.yaml
[8.070s] -- Up-to-date: /home/hesam/Desktop/Repos/yolo_ros/install/bev/share/ament_index/resource_index/package_run_dependencies/bev
[8.070s] -- Up-to-date: /home/hesam/Desktop/Repos/yolo_ros/install/bev/share/ament_index/resource_index/parent_prefix_path/bev
[8.070s] -- Up-to-date: /home/hesam/Desktop/Repos/yolo_ros/install/bev/share/bev/environment/ament_prefix_path.sh
[8.070s] -- Up-to-date: /home/hesam/Desktop/Repos/yolo_ros/install/bev/share/bev/environment/ament_prefix_path.dsv
[8.070s] -- Up-to-date: /home/hesam/Desktop/Repos/yolo_ros/install/bev/share/bev/environment/path.sh
[8.071s] -- Up-to-date: /home/hesam/Desktop/Repos/yolo_ros/install/bev/share/bev/environment/path.dsv
[8.071s] -- Up-to-date: /home/hesam/Desktop/Repos/yolo_ros/install/bev/share/bev/local_setup.bash
[8.071s] -- Up-to-date: /home/hesam/Desktop/Repos/yolo_ros/install/bev/share/bev/local_setup.sh
[8.071s] -- Up-to-date: /home/hesam/Desktop/Repos/yolo_ros/install/bev/share/bev/local_setup.zsh
[8.071s] -- Up-to-date: /home/hesam/Desktop/Repos/yolo_ros/install/bev/share/bev/local_setup.dsv
[8.071s] -- Installing: /home/hesam/Desktop/Repos/yolo_ros/install/bev/share/bev/package.dsv
[8.071s] -- Up-to-date: /home/hesam/Desktop/Repos/yolo_ros/install/bev/share/ament_index/resource_index/packages/bev
[8.071s] -- Up-to-date: /home/hesam/Desktop/Repos/yolo_ros/install/bev/share/bev/cmake/ament_cmake_export_include_directories-extras.cmake
[8.071s] -- Up-to-date: /home/hesam/Desktop/Repos/yolo_ros/install/bev/share/bev/cmake/ament_cmake_export_dependencies-extras.cmake
[8.071s] -- Up-to-date: /home/hesam/Desktop/Repos/yolo_ros/install/bev/share/bev/cmake/bevConfig.cmake
[8.071s] -- Up-to-date: /home/hesam/Desktop/Repos/yolo_ros/install/bev/share/bev/cmake/bevConfig-version.cmake
[8.071s] -- Up-to-date: /home/hesam/Desktop/Repos/yolo_ros/install/bev/share/bev/package.xml
[8.072s] Invoked command in '/home/hesam/Desktop/Repos/yolo_ros/build/bev' returned '0': CMAKE_PREFIX_PATH=${CMAKE_PREFIX_PATH}:/home/hesam/Desktop/Repos/yolo_ros/install/yolo_ros:/home/hesam/ros2_ws/install/robot_localization_gazebo:/home/hesam/ros2_ws/install/kitti2rosbag2:/opt/ros/humble /usr/bin/cmake --install /home/hesam/Desktop/Repos/yolo_ros/build/bev
