[35m[1mConsolidate compiler generated dependencies of target bev_node[0m
[ 33%] [32mBuilding CXX object CMakeFiles/bev_node.dir/src/bev_node.cpp.o[0m
[ 66%] [32mBuilding CXX object CMakeFiles/bev_node.dir/src/BEVTransformer.cpp.o[0m
[01m[K/home/hesam/Desktop/Repos/yolo_ros/src/bev/src/BEVTransformer.cpp:[m[K In function ‘[01m[Kvoid select_correspondences(const cv::Mat&, const CameraIntrinsic&, std::vector<cv::Point_<float> >&, std::vector<cv::Point_<float> >&)[m[K’:
[01m[K/home/hesam/Desktop/Repos/yolo_ros/src/bev/src/BEVTransformer.cpp:162:20:[m[K [01;35m[Kwarning: [m[Kunused variable ‘[01m[KY_c[m[K’ [[01;35m[K]8;;https://gcc.gnu.org/onlinedocs/gcc/Warning-Options.html#index-Wunused-variable-Wunused-variable]8;;[m[K]
  162 |             double [01;35m[KY_c[m[K = cam_coords.at<double>(1);
      |                    [01;35m[K^~~[m[K
[100%] [32m[1mLinking CXX executable bev_node[0m
/usr/bin/ld: warning: libopencv_imgproc.so.4.5d, needed by /opt/ros/humble/lib/libcv_bridge.so, may conflict with libopencv_imgproc.so.408
/usr/bin/ld: warning: libopencv_core.so.4.5d, needed by /opt/ros/humble/lib/libcv_bridge.so, may conflict with libopencv_core.so.408
[100%] Built target bev_node
-- Install configuration: ""
-- Installing: /home/hesam/Desktop/Repos/yolo_ros/install/bev/lib/bev/bev_node
-- Set runtime path of "/home/hesam/Desktop/Repos/yolo_ros/install/bev/lib/bev/bev_node" to ""
-- Up-to-date: /home/hesam/Desktop/Repos/yolo_ros/install/bev/share/bev/launch
-- Up-to-date: /home/hesam/Desktop/Repos/yolo_ros/install/bev/share/bev/launch/run.launch.py
-- Up-to-date: /home/hesam/Desktop/Repos/yolo_ros/install/bev/share/bev/cfg
-- Up-to-date: /home/hesam/Desktop/Repos/yolo_ros/install/bev/share/bev/cfg/cfg.yaml
-- Up-to-date: /home/hesam/Desktop/Repos/yolo_ros/install/bev/share/ament_index/resource_index/package_run_dependencies/bev
-- Up-to-date: /home/hesam/Desktop/Repos/yolo_ros/install/bev/share/ament_index/resource_index/parent_prefix_path/bev
-- Up-to-date: /home/hesam/Desktop/Repos/yolo_ros/install/bev/share/bev/environment/ament_prefix_path.sh
-- Up-to-date: /home/hesam/Desktop/Repos/yolo_ros/install/bev/share/bev/environment/ament_prefix_path.dsv
-- Up-to-date: /home/hesam/Desktop/Repos/yolo_ros/install/bev/share/bev/environment/path.sh
-- Up-to-date: /home/hesam/Desktop/Repos/yolo_ros/install/bev/share/bev/environment/path.dsv
-- Up-to-date: /home/hesam/Desktop/Repos/yolo_ros/install/bev/share/bev/local_setup.bash
-- Up-to-date: /home/hesam/Desktop/Repos/yolo_ros/install/bev/share/bev/local_setup.sh
-- Up-to-date: /home/hesam/Desktop/Repos/yolo_ros/install/bev/share/bev/local_setup.zsh
-- Up-to-date: /home/hesam/Desktop/Repos/yolo_ros/install/bev/share/bev/local_setup.dsv
-- Installing: /home/hesam/Desktop/Repos/yolo_ros/install/bev/share/bev/package.dsv
-- Up-to-date: /home/hesam/Desktop/Repos/yolo_ros/install/bev/share/ament_index/resource_index/packages/bev
-- Up-to-date: /home/hesam/Desktop/Repos/yolo_ros/install/bev/share/bev/cmake/ament_cmake_export_include_directories-extras.cmake
-- Up-to-date: /home/hesam/Desktop/Repos/yolo_ros/install/bev/share/bev/cmake/ament_cmake_export_dependencies-extras.cmake
-- Up-to-date: /home/hesam/Desktop/Repos/yolo_ros/install/bev/share/bev/cmake/bevConfig.cmake
-- Up-to-date: /home/hesam/Desktop/Repos/yolo_ros/install/bev/share/bev/cmake/bevConfig-version.cmake
-- Up-to-date: /home/hesam/Desktop/Repos/yolo_ros/install/bev/share/bev/package.xml
