[0.012s] Invoking command in '/home/hesam/Desktop/Repos/yolo_ros/build/yolo_bringup': AMENT_PREFIX_PATH=/home/hesam/Desktop/Repos/yolo_ros/install/yolo_ros:/home/hesam/Desktop/Repos/yolo_ros/install/yolo_bringup:/home/hesam/Desktop/Repos/yolo_ros/install/yolo_msgs:/home/hesam/Desktop/Repos/yolo_ros/install/bev:/home/hesam/ros2_ws/install/robot_localization_gazebo:/home/hesam/ros2_ws/install/kitti2rosbag2:/opt/ros/humble CMAKE_PREFIX_PATH=/home/hesam/Desktop/Repos/yolo_ros/install/yolo_msgs:/home/hesam/Desktop/Repos/yolo_ros/install/yolo_bringup:/home/hesam/Desktop/Repos/yolo_ros/install/bev:/home/hesam/Desktop/Repos/yolo_ros/install/yolo_ros:/home/hesam/ros2_ws/install/robot_localization_gazebo:/home/hesam/ros2_ws/install/kitti2rosbag2:/opt/ros/humble LD_LIBRARY_PATH=/home/hesam/Desktop/Repos/yolo_ros/install/yolo_msgs/lib:/usr/local/lib:/usr/local/cuda-11.8/lib64:/opt/ros/humble/opt/rviz_ogre_vendor/lib:/opt/ros/humble/lib/x86_64-linux-gnu:/opt/ros/humble/lib:/usr/lib/x86_64-linux-gnu/gazebo-11/plugins /usr/bin/cmake --build /home/hesam/Desktop/Repos/yolo_ros/build/yolo_bringup -- -j20 -l20
[0.059s] Invoked command in '/home/hesam/Desktop/Repos/yolo_ros/build/yolo_bringup' returned '0': AMENT_PREFIX_PATH=/home/hesam/Desktop/Repos/yolo_ros/install/yolo_ros:/home/hesam/Desktop/Repos/yolo_ros/install/yolo_bringup:/home/hesam/Desktop/Repos/yolo_ros/install/yolo_msgs:/home/hesam/Desktop/Repos/yolo_ros/install/bev:/home/hesam/ros2_ws/install/robot_localization_gazebo:/home/hesam/ros2_ws/install/kitti2rosbag2:/opt/ros/humble CMAKE_PREFIX_PATH=/home/hesam/Desktop/Repos/yolo_ros/install/yolo_msgs:/home/hesam/Desktop/Repos/yolo_ros/install/yolo_bringup:/home/hesam/Desktop/Repos/yolo_ros/install/bev:/home/hesam/Desktop/Repos/yolo_ros/install/yolo_ros:/home/hesam/ros2_ws/install/robot_localization_gazebo:/home/hesam/ros2_ws/install/kitti2rosbag2:/opt/ros/humble LD_LIBRARY_PATH=/home/hesam/Desktop/Repos/yolo_ros/install/yolo_msgs/lib:/usr/local/lib:/usr/local/cuda-11.8/lib64:/opt/ros/humble/opt/rviz_ogre_vendor/lib:/opt/ros/humble/lib/x86_64-linux-gnu:/opt/ros/humble/lib:/usr/lib/x86_64-linux-gnu/gazebo-11/plugins /usr/bin/cmake --build /home/hesam/Desktop/Repos/yolo_ros/build/yolo_bringup -- -j20 -l20
[0.085s] Invoking command in '/home/hesam/Desktop/Repos/yolo_ros/build/yolo_bringup': AMENT_PREFIX_PATH=/home/hesam/Desktop/Repos/yolo_ros/install/yolo_ros:/home/hesam/Desktop/Repos/yolo_ros/install/yolo_bringup:/home/hesam/Desktop/Repos/yolo_ros/install/yolo_msgs:/home/hesam/Desktop/Repos/yolo_ros/install/bev:/home/hesam/ros2_ws/install/robot_localization_gazebo:/home/hesam/ros2_ws/install/kitti2rosbag2:/opt/ros/humble CMAKE_PREFIX_PATH=/home/hesam/Desktop/Repos/yolo_ros/install/yolo_msgs:/home/hesam/Desktop/Repos/yolo_ros/install/yolo_bringup:/home/hesam/Desktop/Repos/yolo_ros/install/bev:/home/hesam/Desktop/Repos/yolo_ros/install/yolo_ros:/home/hesam/ros2_ws/install/robot_localization_gazebo:/home/hesam/ros2_ws/install/kitti2rosbag2:/opt/ros/humble LD_LIBRARY_PATH=/home/hesam/Desktop/Repos/yolo_ros/install/yolo_msgs/lib:/usr/local/lib:/usr/local/cuda-11.8/lib64:/opt/ros/humble/opt/rviz_ogre_vendor/lib:/opt/ros/humble/lib/x86_64-linux-gnu:/opt/ros/humble/lib:/usr/lib/x86_64-linux-gnu/gazebo-11/plugins /usr/bin/cmake --install /home/hesam/Desktop/Repos/yolo_ros/build/yolo_bringup
[0.095s] -- Install configuration: ""
[0.096s] -- Up-to-date: /home/hesam/Desktop/Repos/yolo_ros/install/yolo_bringup/share/yolo_bringup//launch
[0.096s] -- Up-to-date: /home/hesam/Desktop/Repos/yolo_ros/install/yolo_bringup/share/yolo_bringup//launch/yolov9.launch.py
[0.096s] -- Up-to-date: /home/hesam/Desktop/Repos/yolo_ros/install/yolo_bringup/share/yolo_bringup//launch/yolov8.launch.py
[0.096s] -- Up-to-date: /home/hesam/Desktop/Repos/yolo_ros/install/yolo_bringup/share/yolo_bringup//launch/yolo-world.launch.py
[0.096s] -- Up-to-date: /home/hesam/Desktop/Repos/yolo_ros/install/yolo_bringup/share/yolo_bringup//launch/yolov11.launch.py
[0.096s] -- Up-to-date: /home/hesam/Desktop/Repos/yolo_ros/install/yolo_bringup/share/yolo_bringup//launch/yolov10.launch.py
[0.097s] -- Up-to-date: /home/hesam/Desktop/Repos/yolo_ros/install/yolo_bringup/share/yolo_bringup//launch/yolov5.launch.py
[0.097s] -- Up-to-date: /home/hesam/Desktop/Repos/yolo_ros/install/yolo_bringup/share/yolo_bringup//launch/yolo-nas.launch.py
[0.097s] -- Up-to-date: /home/hesam/Desktop/Repos/yolo_ros/install/yolo_bringup/share/yolo_bringup//launch/yolo.launch.py
[0.097s] -- Up-to-date: /home/hesam/Desktop/Repos/yolo_ros/install/yolo_bringup/share/ament_index/resource_index/package_run_dependencies/yolo_bringup
[0.097s] -- Up-to-date: /home/hesam/Desktop/Repos/yolo_ros/install/yolo_bringup/share/ament_index/resource_index/parent_prefix_path/yolo_bringup
[0.097s] -- Up-to-date: /home/hesam/Desktop/Repos/yolo_ros/install/yolo_bringup/share/yolo_bringup/environment/ament_prefix_path.sh
[0.097s] -- Up-to-date: /home/hesam/Desktop/Repos/yolo_ros/install/yolo_bringup/share/yolo_bringup/environment/ament_prefix_path.dsv
[0.097s] -- Up-to-date: /home/hesam/Desktop/Repos/yolo_ros/install/yolo_bringup/share/yolo_bringup/environment/path.sh
[0.097s] -- Up-to-date: /home/hesam/Desktop/Repos/yolo_ros/install/yolo_bringup/share/yolo_bringup/environment/path.dsv
[0.097s] -- Up-to-date: /home/hesam/Desktop/Repos/yolo_ros/install/yolo_bringup/share/yolo_bringup/local_setup.bash
[0.098s] -- Up-to-date: /home/hesam/Desktop/Repos/yolo_ros/install/yolo_bringup/share/yolo_bringup/local_setup.sh
[0.098s] -- Up-to-date: /home/hesam/Desktop/Repos/yolo_ros/install/yolo_bringup/share/yolo_bringup/local_setup.zsh
[0.098s] -- Up-to-date: /home/hesam/Desktop/Repos/yolo_ros/install/yolo_bringup/share/yolo_bringup/local_setup.dsv
[0.098s] -- Installing: /home/hesam/Desktop/Repos/yolo_ros/install/yolo_bringup/share/yolo_bringup/package.dsv
[0.098s] -- Up-to-date: /home/hesam/Desktop/Repos/yolo_ros/install/yolo_bringup/share/ament_index/resource_index/packages/yolo_bringup
[0.098s] -- Up-to-date: /home/hesam/Desktop/Repos/yolo_ros/install/yolo_bringup/share/yolo_bringup/cmake/yolo_bringupConfig.cmake
[0.098s] -- Up-to-date: /home/hesam/Desktop/Repos/yolo_ros/install/yolo_bringup/share/yolo_bringup/cmake/yolo_bringupConfig-version.cmake
[0.099s] -- Up-to-date: /home/hesam/Desktop/Repos/yolo_ros/install/yolo_bringup/share/yolo_bringup/package.xml
[0.100s] Invoked command in '/home/hesam/Desktop/Repos/yolo_ros/build/yolo_bringup' returned '0': AMENT_PREFIX_PATH=/home/hesam/Desktop/Repos/yolo_ros/install/yolo_ros:/home/hesam/Desktop/Repos/yolo_ros/install/yolo_bringup:/home/hesam/Desktop/Repos/yolo_ros/install/yolo_msgs:/home/hesam/Desktop/Repos/yolo_ros/install/bev:/home/hesam/ros2_ws/install/robot_localization_gazebo:/home/hesam/ros2_ws/install/kitti2rosbag2:/opt/ros/humble CMAKE_PREFIX_PATH=/home/hesam/Desktop/Repos/yolo_ros/install/yolo_msgs:/home/hesam/Desktop/Repos/yolo_ros/install/yolo_bringup:/home/hesam/Desktop/Repos/yolo_ros/install/bev:/home/hesam/Desktop/Repos/yolo_ros/install/yolo_ros:/home/hesam/ros2_ws/install/robot_localization_gazebo:/home/hesam/ros2_ws/install/kitti2rosbag2:/opt/ros/humble LD_LIBRARY_PATH=/home/hesam/Desktop/Repos/yolo_ros/install/yolo_msgs/lib:/usr/local/lib:/usr/local/cuda-11.8/lib64:/opt/ros/humble/opt/rviz_ogre_vendor/lib:/opt/ros/humble/lib/x86_64-linux-gnu:/opt/ros/humble/lib:/usr/lib/x86_64-linux-gnu/gazebo-11/plugins /usr/bin/cmake --install /home/hesam/Desktop/Repos/yolo_ros/build/yolo_bringup
